RUN	RecordedSimulation	recordedsimulation	1592923521132	 	3.3.1
USER	RecordedSimulation	1	START	1592923521992	1592923521992
REQUEST	1		request_0	1592923522010	1592923522016	OK	 
USER	RecordedSimulation	2	START	1592923522112	1592923522112
REQUEST	2		request_0	1592923522112	1592923522116	OK	 
USER	RecordedSimulation	3	START	1592923522214	1592923522214
REQUEST	3		request_0	1592923522215	1592923522218	OK	 
USER	RecordedSimulation	4	START	1592923522312	1592923522312
REQUEST	4		request_0	1592923522313	1592923522316	OK	 
USER	RecordedSimulation	5	START	1592923522415	1592923522415
REQUEST	5		request_0	1592923522416	1592923522419	OK	 
USER	RecordedSimulation	6	START	1592923522513	1592923522513
REQUEST	6		request_0	1592923522513	1592923522517	OK	 
USER	RecordedSimulation	7	START	1592923522615	1592923522615
REQUEST	7		request_0	1592923522615	1592923522619	OK	 
USER	RecordedSimulation	8	START	1592923522712	1592923522712
REQUEST	8		request_0	1592923522713	1592923522716	OK	 
USER	RecordedSimulation	9	START	1592923522813	1592923522813
REQUEST	9		request_0	1592923522814	1592923522817	OK	 
USER	RecordedSimulation	10	START	1592923522910	1592923522910
REQUEST	10		request_0	1592923522911	1592923522915	OK	 
USER	RecordedSimulation	11	START	1592923523013	1592923523013
REQUEST	11		request_0	1592923523013	1592923523017	OK	 
USER	RecordedSimulation	12	START	1592923523111	1592923523111
REQUEST	12		request_0	1592923523111	1592923523114	OK	 
USER	RecordedSimulation	13	START	1592923523214	1592923523214
REQUEST	13		request_0	1592923523215	1592923523218	OK	 
USER	RecordedSimulation	14	START	1592923523311	1592923523311
REQUEST	14		request_0	1592923523312	1592923523315	OK	 
USER	RecordedSimulation	15	START	1592923523413	1592923523413
REQUEST	15		request_0	1592923523414	1592923523417	OK	 
USER	RecordedSimulation	16	START	1592923523515	1592923523515
REQUEST	16		request_0	1592923523515	1592923523518	OK	 
USER	RecordedSimulation	17	START	1592923523611	1592923523611
REQUEST	17		request_0	1592923523611	1592923523614	OK	 
USER	RecordedSimulation	18	START	1592923523713	1592923523713
REQUEST	18		request_0	1592923523714	1592923523717	OK	 
USER	RecordedSimulation	19	START	1592923523815	1592923523815
REQUEST	19		request_0	1592923523816	1592923523819	OK	 
USER	RecordedSimulation	20	START	1592923523913	1592923523913
REQUEST	20		request_0	1592923523913	1592923523916	OK	 
USER	RecordedSimulation	21	START	1592923524011	1592923524011
REQUEST	21		request_0	1592923524011	1592923524014	OK	 
USER	RecordedSimulation	22	START	1592923524113	1592923524113
REQUEST	22		request_0	1592923524113	1592923524118	OK	 
USER	RecordedSimulation	23	START	1592923524214	1592923524214
REQUEST	23		request_0	1592923524215	1592923524218	OK	 
USER	RecordedSimulation	24	START	1592923524312	1592923524312
REQUEST	24		request_0	1592923524312	1592923524315	OK	 
USER	RecordedSimulation	25	START	1592923524414	1592923524414
REQUEST	25		request_0	1592923524414	1592923524417	OK	 
USER	RecordedSimulation	26	START	1592923524510	1592923524510
REQUEST	26		request_0	1592923524511	1592923524514	OK	 
USER	RecordedSimulation	27	START	1592923524613	1592923524613
REQUEST	27		request_0	1592923524614	1592923524617	OK	 
USER	RecordedSimulation	28	START	1592923524711	1592923524711
REQUEST	28		request_0	1592923524711	1592923524714	OK	 
USER	RecordedSimulation	29	START	1592923524814	1592923524814
REQUEST	29		request_0	1592923524814	1592923524817	OK	 
USER	RecordedSimulation	30	START	1592923524910	1592923524910
REQUEST	30		request_0	1592923524911	1592923524914	OK	 
USER	RecordedSimulation	31	START	1592923525013	1592923525013
REQUEST	31		request_0	1592923525014	1592923525016	OK	 
REQUEST	1		request_1	1592923525047	1592923525070	OK	 
USER	RecordedSimulation	32	START	1592923525110	1592923525110
REQUEST	32		request_0	1592923525111	1592923525114	OK	 
REQUEST	2		request_1	1592923525131	1592923525142	OK	 
USER	RecordedSimulation	33	START	1592923525212	1592923525212
REQUEST	33		request_0	1592923525212	1592923525215	OK	 
REQUEST	3		request_1	1592923525233	1592923525244	OK	 
USER	RecordedSimulation	34	START	1592923525314	1592923525314
REQUEST	34		request_0	1592923525315	1592923525320	OK	 
REQUEST	4		request_1	1592923525335	1592923525348	OK	 
USER	RecordedSimulation	35	START	1592923525411	1592923525411
REQUEST	35		request_0	1592923525411	1592923525415	OK	 
REQUEST	5		request_1	1592923525421	1592923525454	KO	status.find.in(200,201,202,203,204,205,206,207,208,209,304), found 500
USER	RecordedSimulation	36	START	1592923525513	1592923525513
REQUEST	36		request_0	1592923525513	1592923525517	OK	 
REQUEST	6		request_1	1592923525534	1592923525569	KO	status.find.in(200,201,202,203,204,205,206,207,208,209,304), found 500
USER	RecordedSimulation	37	START	1592923525610	1592923525610
REQUEST	37		request_0	1592923525611	1592923525615	OK	 
REQUEST	7		request_1	1592923525630	1592923525641	KO	status.find.in(200,201,202,203,204,205,206,207,208,209,304), found 500
USER	RecordedSimulation	38	START	1592923525713	1592923525713
REQUEST	38		request_0	1592923525713	1592923525717	OK	 
REQUEST	8		request_1	1592923525733	1592923525746	KO	status.find.in(200,201,202,203,204,205,206,207,208,209,304), found 500
USER	RecordedSimulation	39	START	1592923525815	1592923525815
REQUEST	39		request_0	1592923525815	1592923525822	OK	 
REQUEST	9		request_1	1592923525836	1592923525850	KO	status.find.in(200,201,202,203,204,205,206,207,208,209,304), found 500
USER	RecordedSimulation	40	START	1592923525912	1592923525912
REQUEST	40		request_0	1592923525912	1592923525916	OK	 
REQUEST	10		request_1	1592923525933	1592923525946	KO	status.find.in(200,201,202,203,204,205,206,207,208,209,304), found 500
USER	RecordedSimulation	41	START	1592923526015	1592923526015
REQUEST	41		request_0	1592923526015	1592923526018	OK	 
REQUEST	11		request_1	1592923526035	1592923526047	KO	status.find.in(200,201,202,203,204,205,206,207,208,209,304), found 500
USER	RecordedSimulation	42	START	1592923526101	1592923526101
REQUEST	42		request_0	1592923526101	1592923526104	OK	 
REQUEST	12		request_1	1592923526132	1592923526143	KO	status.find.in(200,201,202,203,204,205,206,207,208,209,304), found 500
USER	RecordedSimulation	43	START	1592923526203	1592923526203
REQUEST	43		request_0	1592923526204	1592923526207	OK	 
REQUEST	13		request_1	1592923526234	1592923526246	KO	status.find.in(200,201,202,203,204,205,206,207,208,209,304), found 500
USER	RecordedSimulation	44	START	1592923526301	1592923526301
REQUEST	44		request_0	1592923526301	1592923526304	OK	 
REQUEST	14		request_1	1592923526331	1592923526342	KO	status.find.in(200,201,202,203,204,205,206,207,208,209,304), found 500
USER	RecordedSimulation	45	START	1592923526403	1592923526403
REQUEST	45		request_0	1592923526403	1592923526407	OK	 
REQUEST	15		request_1	1592923526435	1592923526445	KO	status.find.in(200,201,202,203,204,205,206,207,208,209,304), found 500
USER	RecordedSimulation	46	START	1592923526500	1592923526500
REQUEST	46		request_0	1592923526501	1592923526504	OK	 
REQUEST	16		request_1	1592923526531	1592923526542	KO	status.find.in(200,201,202,203,204,205,206,207,208,209,304), found 500
USER	RecordedSimulation	47	START	1592923526603	1592923526603
REQUEST	47		request_0	1592923526603	1592923526607	OK	 
REQUEST	17		request_1	1592923526634	1592923526648	KO	status.find.in(200,201,202,203,204,205,206,207,208,209,304), found 500
USER	RecordedSimulation	48	START	1592923526700	1592923526700
REQUEST	48		request_0	1592923526701	1592923526704	OK	 
REQUEST	18		request_1	1592923526731	1592923526747	KO	status.find.in(200,201,202,203,204,205,206,207,208,209,304), found 500
USER	RecordedSimulation	49	START	1592923526803	1592923526803
REQUEST	49		request_0	1592923526803	1592923526806	OK	 
REQUEST	19		request_1	1592923526824	1592923526836	KO	status.find.in(200,201,202,203,204,205,206,207,208,209,304), found 500
USER	RecordedSimulation	50	START	1592923526905	1592923526905
REQUEST	50		request_0	1592923526906	1592923526909	OK	 
REQUEST	20		request_1	1592923526931	1592923526950	KO	status.find.in(200,201,202,203,204,205,206,207,208,209,304), found 500
USER	RecordedSimulation	51	START	1592923527003	1592923527003
REQUEST	51		request_0	1592923527003	1592923527012	OK	 
REQUEST	21		request_1	1592923527034	1592923527051	KO	status.find.in(200,201,202,203,204,205,206,207,208,209,304), found 500
USER	RecordedSimulation	52	START	1592923527110	1592923527110
REQUEST	52		request_0	1592923527111	1592923527114	OK	 
REQUEST	22		request_1	1592923527131	1592923527144	KO	status.find.in(200,201,202,203,204,205,206,207,208,209,304), found 500
USER	RecordedSimulation	53	START	1592923527212	1592923527212
REQUEST	53		request_0	1592923527213	1592923527216	OK	 
REQUEST	23		request_1	1592923527233	1592923527242	KO	status.find.in(200,201,202,203,204,205,206,207,208,209,304), found 500
USER	RecordedSimulation	54	START	1592923527315	1592923527315
REQUEST	54		request_0	1592923527315	1592923527319	OK	 
REQUEST	24		request_1	1592923527335	1592923527351	KO	status.find.in(200,201,202,203,204,205,206,207,208,209,304), found 500
USER	RecordedSimulation	55	START	1592923527411	1592923527411
REQUEST	55		request_0	1592923527411	1592923527415	OK	 
REQUEST	25		request_1	1592923527432	1592923527444	KO	status.find.in(200,201,202,203,204,205,206,207,208,209,304), found 500
USER	RecordedSimulation	56	START	1592923527513	1592923527513
REQUEST	56		request_0	1592923527513	1592923527516	OK	 
REQUEST	26		request_1	1592923527533	1592923527544	KO	status.find.in(200,201,202,203,204,205,206,207,208,209,304), found 500
USER	RecordedSimulation	57	START	1592923527615	1592923527615
REQUEST	57		request_0	1592923527615	1592923527619	OK	 
REQUEST	27		request_1	1592923527635	1592923527648	KO	status.find.in(200,201,202,203,204,205,206,207,208,209,304), found 500
USER	RecordedSimulation	58	START	1592923527711	1592923527711
REQUEST	58		request_0	1592923527712	1592923527715	OK	 
REQUEST	28		request_1	1592923527732	1592923527742	KO	status.find.in(200,201,202,203,204,205,206,207,208,209,304), found 500
USER	RecordedSimulation	59	START	1592923527814	1592923527814
REQUEST	59		request_0	1592923527814	1592923527817	OK	 
REQUEST	29		request_1	1592923527835	1592923527848	KO	status.find.in(200,201,202,203,204,205,206,207,208,209,304), found 500
USER	RecordedSimulation	60	START	1592923527911	1592923527911
REQUEST	60		request_0	1592923527911	1592923527914	OK	 
REQUEST	30		request_1	1592923527932	1592923527942	KO	status.find.in(200,201,202,203,204,205,206,207,208,209,304), found 500
USER	RecordedSimulation	61	START	1592923528013	1592923528013
REQUEST	61		request_0	1592923528014	1592923528017	OK	 
REQUEST	31		request_1	1592923528034	1592923528047	KO	status.find.in(200,201,202,203,204,205,206,207,208,209,304), found 500
USER	RecordedSimulation	62	START	1592923528111	1592923528111
REQUEST	62		request_0	1592923528111	1592923528115	OK	 
REQUEST	32		request_1	1592923528132	1592923528150	KO	status.find.in(200,201,202,203,204,205,206,207,208,209,304), found 500
USER	RecordedSimulation	63	START	1592923528213	1592923528213
REQUEST	63		request_0	1592923528213	1592923528216	OK	 
REQUEST	33		request_1	1592923528234	1592923528251	KO	status.find.in(200,201,202,203,204,205,206,207,208,209,304), found 500
USER	RecordedSimulation	64	START	1592923528310	1592923528310
REQUEST	64		request_0	1592923528311	1592923528314	OK	 
REQUEST	34		request_1	1592923528331	1592923528347	KO	status.find.in(200,201,202,203,204,205,206,207,208,209,304), found 500
USER	RecordedSimulation	65	START	1592923528413	1592923528413
REQUEST	65		request_0	1592923528413	1592923528416	OK	 
REQUEST	35		request_1	1592923528433	1592923528446	KO	status.find.in(200,201,202,203,204,205,206,207,208,209,304), found 500
USER	RecordedSimulation	66	START	1592923528514	1592923528514
REQUEST	66		request_0	1592923528515	1592923528518	OK	 
REQUEST	36		request_1	1592923528535	1592923528547	KO	status.find.in(200,201,202,203,204,205,206,207,208,209,304), found 500
USER	RecordedSimulation	67	START	1592923528610	1592923528610
REQUEST	67		request_0	1592923528611	1592923528614	OK	 
REQUEST	37		request_1	1592923528621	1592923528631	KO	status.find.in(200,201,202,203,204,205,206,207,208,209,304), found 500
USER	RecordedSimulation	68	START	1592923528713	1592923528713
REQUEST	68		request_0	1592923528713	1592923528716	OK	 
REQUEST	38		request_1	1592923528734	1592923528744	KO	status.find.in(200,201,202,203,204,205,206,207,208,209,304), found 500
USER	RecordedSimulation	69	START	1592923528810	1592923528810
REQUEST	69		request_0	1592923528811	1592923528815	OK	 
REQUEST	39		request_1	1592923528830	1592923528847	KO	status.find.in(200,201,202,203,204,205,206,207,208,209,304), found 500
USER	RecordedSimulation	70	START	1592923528911	1592923528911
REQUEST	70		request_0	1592923528911	1592923528914	OK	 
REQUEST	40		request_1	1592923528931	1592923528944	KO	status.find.in(200,201,202,203,204,205,206,207,208,209,304), found 500
USER	RecordedSimulation	71	START	1592923529013	1592923529013
REQUEST	71		request_0	1592923529014	1592923529017	OK	 
REQUEST	41		request_1	1592923529034	1592923529057	KO	status.find.in(200,201,202,203,204,205,206,207,208,209,304), found 500
USER	RecordedSimulation	72	START	1592923529111	1592923529111
REQUEST	72		request_0	1592923529111	1592923529114	OK	 
REQUEST	42		request_1	1592923529121	1592923529138	KO	status.find.in(200,201,202,203,204,205,206,207,208,209,304), found 500
USER	RecordedSimulation	73	START	1592923529214	1592923529214
REQUEST	73		request_0	1592923529214	1592923529217	OK	 
REQUEST	43		request_1	1592923529224	1592923529234	KO	status.find.in(200,201,202,203,204,205,206,207,208,209,304), found 500
USER	RecordedSimulation	74	START	1592923529315	1592923529315
REQUEST	74		request_0	1592923529315	1592923529319	OK	 
REQUEST	44		request_1	1592923529325	1592923529338	KO	status.find.in(200,201,202,203,204,205,206,207,208,209,304), found 500
USER	RecordedSimulation	75	START	1592923529413	1592923529413
REQUEST	75		request_0	1592923529413	1592923529417	OK	 
REQUEST	45		request_1	1592923529423	1592923529437	KO	status.find.in(200,201,202,203,204,205,206,207,208,209,304), found 500
USER	RecordedSimulation	76	START	1592923529516	1592923529516
REQUEST	76		request_0	1592923529516	1592923529519	OK	 
REQUEST	46		request_1	1592923529516	1592923529526	KO	status.find.in(200,201,202,203,204,205,206,207,208,209,304), found 500
USER	RecordedSimulation	77	START	1592923529613	1592923529613
REQUEST	77		request_0	1592923529614	1592923529617	OK	 
REQUEST	47		request_1	1592923529624	1592923529635	KO	status.find.in(200,201,202,203,204,205,206,207,208,209,304), found 500
USER	RecordedSimulation	78	START	1592923529715	1592923529715
REQUEST	78		request_0	1592923529716	1592923529718	OK	 
REQUEST	48		request_1	1592923529720	1592923529734	KO	status.find.in(200,201,202,203,204,205,206,207,208,209,304), found 500
USER	RecordedSimulation	79	START	1592923529812	1592923529812
REQUEST	79		request_0	1592923529813	1592923529816	OK	 
REQUEST	49		request_1	1592923529823	1592923529832	KO	status.find.in(200,201,202,203,204,205,206,207,208,209,304), found 500
USER	RecordedSimulation	80	START	1592923529914	1592923529914
REQUEST	80		request_0	1592923529914	1592923529918	OK	 
REQUEST	50		request_1	1592923529914	1592923529924	KO	status.find.in(200,201,202,203,204,205,206,207,208,209,304), found 500
USER	RecordedSimulation	81	START	1592923530011	1592923530011
REQUEST	81		request_0	1592923530011	1592923530014	OK	 
REQUEST	51		request_1	1592923530021	1592923530031	KO	status.find.in(200,201,202,203,204,205,206,207,208,209,304), found 500
USER	RecordedSimulation	82	START	1592923530113	1592923530113
REQUEST	82		request_0	1592923530114	1592923530117	OK	 
REQUEST	52		request_1	1592923530134	1592923530144	KO	status.find.in(200,201,202,203,204,205,206,207,208,209,304), found 500
USER	RecordedSimulation	83	START	1592923530210	1592923530210
REQUEST	83		request_0	1592923530211	1592923530213	OK	 
REQUEST	53		request_1	1592923530231	1592923530242	KO	status.find.in(200,201,202,203,204,205,206,207,208,209,304), found 500
USER	RecordedSimulation	84	START	1592923530313	1592923530313
REQUEST	84		request_0	1592923530313	1592923530316	OK	 
REQUEST	54		request_1	1592923530333	1592923530342	KO	status.find.in(200,201,202,203,204,205,206,207,208,209,304), found 500
USER	RecordedSimulation	85	START	1592923530415	1592923530415
REQUEST	85		request_0	1592923530415	1592923530418	OK	 
REQUEST	55		request_1	1592923530430	1592923530439	KO	status.find.in(200,201,202,203,204,205,206,207,208,209,304), found 500
USER	RecordedSimulation	86	START	1592923530513	1592923530513
REQUEST	86		request_0	1592923530513	1592923530516	OK	 
REQUEST	56		request_1	1592923530533	1592923530543	KO	status.find.in(200,201,202,203,204,205,206,207,208,209,304), found 500
USER	RecordedSimulation	87	START	1592923530614	1592923530614
REQUEST	87		request_0	1592923530615	1592923530618	OK	 
REQUEST	57		request_1	1592923530635	1592923530646	KO	status.find.in(200,201,202,203,204,205,206,207,208,209,304), found 500
USER	RecordedSimulation	88	START	1592923530711	1592923530711
REQUEST	88		request_0	1592923530711	1592923530714	OK	 
REQUEST	58		request_1	1592923530732	1592923530742	KO	status.find.in(200,201,202,203,204,205,206,207,208,209,304), found 500
USER	RecordedSimulation	89	START	1592923530814	1592923530814
REQUEST	89		request_0	1592923530814	1592923530817	OK	 
REQUEST	59		request_1	1592923530834	1592923530843	KO	status.find.in(200,201,202,203,204,205,206,207,208,209,304), found 500
USER	RecordedSimulation	90	START	1592923530910	1592923530910
REQUEST	90		request_0	1592923530911	1592923530913	OK	 
REQUEST	60		request_1	1592923530931	1592923530939	KO	status.find.in(200,201,202,203,204,205,206,207,208,209,304), found 500
USER	RecordedSimulation	91	START	1592923531013	1592923531013
REQUEST	91		request_0	1592923531013	1592923531016	OK	 
REQUEST	61		request_1	1592923531033	1592923531042	KO	status.find.in(200,201,202,203,204,205,206,207,208,209,304), found 500
USER	RecordedSimulation	92	START	1592923531110	1592923531110
REQUEST	92		request_0	1592923531111	1592923531114	OK	 
REQUEST	62		request_1	1592923531131	1592923531139	KO	status.find.in(200,201,202,203,204,205,206,207,208,209,304), found 500
USER	RecordedSimulation	93	START	1592923531212	1592923531212
REQUEST	93		request_0	1592923531212	1592923531215	OK	 
REQUEST	63		request_1	1592923531233	1592923531241	KO	status.find.in(200,201,202,203,204,205,206,207,208,209,304), found 500
USER	RecordedSimulation	94	START	1592923531315	1592923531315
REQUEST	94		request_0	1592923531316	1592923531319	OK	 
REQUEST	64		request_1	1592923531320	1592923531329	KO	status.find.in(200,201,202,203,204,205,206,207,208,209,304), found 500
USER	RecordedSimulation	95	START	1592923531412	1592923531412
REQUEST	95		request_0	1592923531413	1592923531416	OK	 
REQUEST	65		request_1	1592923531433	1592923531442	KO	status.find.in(200,201,202,203,204,205,206,207,208,209,304), found 500
USER	RecordedSimulation	96	START	1592923531515	1592923531515
REQUEST	96		request_0	1592923531515	1592923531518	OK	 
REQUEST	66		request_1	1592923531535	1592923531544	KO	status.find.in(200,201,202,203,204,205,206,207,208,209,304), found 500
USER	RecordedSimulation	97	START	1592923531612	1592923531612
REQUEST	97		request_0	1592923531612	1592923531615	OK	 
REQUEST	67		request_1	1592923531633	1592923531642	KO	status.find.in(200,201,202,203,204,205,206,207,208,209,304), found 500
USER	RecordedSimulation	98	START	1592923531714	1592923531714
REQUEST	98		request_0	1592923531715	1592923531717	OK	 
REQUEST	68		request_1	1592923531735	1592923531744	KO	status.find.in(200,201,202,203,204,205,206,207,208,209,304), found 500
USER	RecordedSimulation	99	START	1592923531811	1592923531811
REQUEST	99		request_0	1592923531812	1592923531815	OK	 
REQUEST	69		request_1	1592923531821	1592923531831	KO	status.find.in(200,201,202,203,204,205,206,207,208,209,304), found 500
USER	RecordedSimulation	100	START	1592923531913	1592923531913
REQUEST	100		request_0	1592923531914	1592923531916	OK	 
REQUEST	70		request_1	1592923531934	1592923531943	KO	status.find.in(200,201,202,203,204,205,206,207,208,209,304), found 500
REQUEST	71		request_1	1592923532032	1592923532041	KO	status.find.in(200,201,202,203,204,205,206,207,208,209,304), found 500
REQUEST	1		request_2	1592923532062	1592923532068	OK	 
REQUEST	72		request_1	1592923532134	1592923532143	KO	status.find.in(200,201,202,203,204,205,206,207,208,209,304), found 500
REQUEST	2		request_2	1592923532155	1592923532163	OK	 
REQUEST	73		request_1	1592923532231	1592923532240	KO	status.find.in(200,201,202,203,204,205,206,207,208,209,304), found 500
REQUEST	3		request_2	1592923532252	1592923532257	OK	 
REQUEST	74		request_1	1592923532334	1592923532344	OK	 
REQUEST	4		request_2	1592923532355	1592923532360	OK	 
REQUEST	75		request_1	1592923532432	1592923532443	OK	 
REQUEST	5		request_2	1592923532473	1592923532479	OK	 
REQUEST	76		request_1	1592923532525	1592923532537	OK	 
REQUEST	6		request_2	1592923532571	1592923532577	OK	 
REQUEST	77		request_1	1592923532632	1592923532641	OK	 
REQUEST	7		request_2	1592923532652	1592923532659	OK	 
REQUEST	78		request_1	1592923532723	1592923532732	OK	 
REQUEST	8		request_2	1592923532754	1592923532758	OK	 
REQUEST	79		request_1	1592923532830	1592923532840	OK	 
REQUEST	9		request_2	1592923532861	1592923532866	OK	 
REQUEST	80		request_1	1592923532932	1592923532942	KO	status.find.in(200,201,202,203,204,205,206,207,208,209,304), found 500
REQUEST	10		request_2	1592923532953	1592923532958	OK	 
REQUEST	81		request_1	1592923533034	1592923533045	KO	status.find.in(200,201,202,203,204,205,206,207,208,209,304), found 500
REQUEST	11		request_2	1592923533045	1592923533050	OK	 
REQUEST	82		request_1	1592923533132	1592923533141	KO	status.find.in(200,201,202,203,204,205,206,207,208,209,304), found 500
REQUEST	12		request_2	1592923533152	1592923533156	OK	 
REQUEST	83		request_1	1592923533234	1592923533248	OK	 
REQUEST	13		request_2	1592923533254	1592923533260	OK	 
REQUEST	84		request_1	1592923533331	1592923533340	OK	 
REQUEST	14		request_2	1592923533351	1592923533356	OK	 
REQUEST	85		request_1	1592923533433	1592923533442	OK	 
REQUEST	15		request_2	1592923533443	1592923533484	OK	 
REQUEST	86		request_1	1592923533535	1592923533547	OK	 
REQUEST	16		request_2	1592923533555	1592923533560	OK	 
REQUEST	87		request_1	1592923533632	1592923533641	OK	 
REQUEST	17		request_2	1592923533653	1592923533657	OK	 
REQUEST	88		request_1	1592923533735	1592923533745	OK	 
REQUEST	18		request_2	1592923533756	1592923533762	OK	 
REQUEST	89		request_1	1592923533832	1592923533841	KO	status.find.in(200,201,202,203,204,205,206,207,208,209,304), found 500
REQUEST	19		request_2	1592923533852	1592923533859	OK	 
REQUEST	90		request_1	1592923533934	1592923533945	KO	status.find.in(200,201,202,203,204,205,206,207,208,209,304), found 500
REQUEST	20		request_2	1592923533955	1592923533959	OK	 
REQUEST	91		request_1	1592923534032	1592923534041	KO	status.find.in(200,201,202,203,204,205,206,207,208,209,304), found 500
REQUEST	21		request_2	1592923534042	1592923534046	OK	 
REQUEST	92		request_1	1592923534125	1592923534133	KO	status.find.in(200,201,202,203,204,205,206,207,208,209,304), found 500
REQUEST	22		request_2	1592923534155	1592923534159	OK	 
REQUEST	93		request_1	1592923534230	1592923534252	KO	status.find.in(200,201,202,203,204,205,206,207,208,209,304), found 500
REQUEST	23		request_2	1592923534240	1592923534253	OK	 
REQUEST	94		request_1	1592923534323	1592923534336	OK	 
REQUEST	24		request_2	1592923534343	1592923534352	OK	 
REQUEST	95		request_1	1592923534434	1592923534444	OK	 
REQUEST	25		request_2	1592923534455	1592923534460	OK	 
REQUEST	96		request_1	1592923534532	1592923534543	KO	status.find.in(200,201,202,203,204,205,206,207,208,209,304), found 500
REQUEST	26		request_2	1592923534552	1592923534556	OK	 
REQUEST	97		request_1	1592923534634	1592923534643	OK	 
REQUEST	27		request_2	1592923534654	1592923534660	OK	 
REQUEST	98		request_1	1592923534731	1592923534740	OK	 
REQUEST	28		request_2	1592923534751	1592923534757	OK	 
REQUEST	99		request_1	1592923534835	1592923534842	KO	status.find.in(200,201,202,203,204,205,206,207,208,209,304), found 500
REQUEST	29		request_2	1592923534855	1592923534860	OK	 
REQUEST	100		request_1	1592923534933	1592923534942	OK	 
REQUEST	30		request_2	1592923534954	1592923534962	OK	 
REQUEST	31		request_2	1592923535050	1592923535056	OK	 
REQUEST	32		request_2	1592923535152	1592923535159	OK	 
REQUEST	33		request_2	1592923535254	1592923535261	OK	 
REQUEST	34		request_2	1592923535350	1592923535356	OK	 
REQUEST	35		request_2	1592923535452	1592923535458	OK	 
REQUEST	36		request_2	1592923535554	1592923535560	OK	 
REQUEST	37		request_2	1592923535651	1592923535658	OK	 
REQUEST	38		request_2	1592923535754	1592923535759	OK	 
REQUEST	39		request_2	1592923535865	1592923535869	OK	 
REQUEST	40		request_2	1592923535953	1592923535958	OK	 
REQUEST	41		request_2	1592923536065	1592923536072	OK	 
REQUEST	42		request_2	1592923536141	1592923536148	OK	 
REQUEST	43		request_2	1592923536234	1592923536240	OK	 
REQUEST	44		request_2	1592923536330	1592923536336	OK	 
REQUEST	45		request_2	1592923536443	1592923536449	OK	 
REQUEST	46		request_2	1592923536531	1592923536539	OK	 
REQUEST	47		request_2	1592923536645	1592923536651	OK	 
REQUEST	48		request_2	1592923536742	1592923536747	OK	 
REQUEST	49		request_2	1592923536844	1592923536850	OK	 
REQUEST	50		request_2	1592923536935	1592923536941	OK	 
REQUEST	51		request_2	1592923537043	1592923537049	OK	 
REQUEST	1		request_3	1592923537063	1592923537070	OK	 
REQUEST	52		request_2	1592923537140	1592923537145	OK	 
REQUEST	2		request_3	1592923537150	1592923537164	OK	 
REQUEST	53		request_2	1592923537253	1592923537259	KO	status.find.in(200,201,202,203,204,205,206,207,208,209,304), found 500
REQUEST	3		request_3	1592923537253	1592923537263	OK	 
REQUEST	54		request_2	1592923537345	1592923537350	OK	 
REQUEST	4		request_3	1592923537355	1592923537363	OK	 
REQUEST	55		request_2	1592923537442	1592923537448	OK	 
REQUEST	5		request_3	1592923537473	1592923537482	OK	 
REQUEST	56		request_2	1592923537545	1592923537549	OK	 
REQUEST	6		request_3	1592923537586	1592923537593	OK	 
REQUEST	57		request_2	1592923537641	1592923537646	OK	 
REQUEST	7		request_3	1592923537651	1592923537661	OK	 
REQUEST	58		request_2	1592923537744	1592923537751	OK	 
REQUEST	8		request_3	1592923537754	1592923537764	OK	 
REQUEST	59		request_2	1592923537841	1592923537848	OK	 
REQUEST	9		request_3	1592923537852	1592923537859	OK	 
REQUEST	60		request_2	1592923537945	1592923537950	OK	 
REQUEST	10		request_3	1592923537955	1592923537963	OK	 
REQUEST	61		request_2	1592923538042	1592923538048	OK	 
REQUEST	11		request_3	1592923538052	1592923538060	OK	 
REQUEST	62		request_2	1592923538144	1592923538148	OK	 
REQUEST	12		request_3	1592923538154	1592923538162	OK	 
REQUEST	63		request_2	1592923538242	1592923538246	OK	 
REQUEST	13		request_3	1592923538252	1592923538260	OK	 
REQUEST	64		request_2	1592923538344	1592923538349	OK	 
REQUEST	14		request_3	1592923538354	1592923538361	OK	 
REQUEST	65		request_2	1592923538440	1592923538445	OK	 
REQUEST	15		request_3	1592923538491	1592923538498	OK	 
REQUEST	66		request_2	1592923538543	1592923538547	OK	 
REQUEST	16		request_3	1592923538543	1592923538557	OK	 
REQUEST	67		request_2	1592923538645	1592923538650	OK	 
REQUEST	17		request_3	1592923538655	1592923538665	OK	 
REQUEST	68		request_2	1592923538732	1592923538737	OK	 
REQUEST	18		request_3	1592923538752	1592923538759	OK	 
REQUEST	69		request_2	1592923538844	1592923538852	OK	 
REQUEST	19		request_3	1592923538854	1592923538861	OK	 
REQUEST	70		request_2	1592923538936	1592923538947	OK	 
REQUEST	20		request_3	1592923538950	1592923538963	OK	 
REQUEST	71		request_2	1592923539043	1592923539047	OK	 
REQUEST	21		request_3	1592923539053	1592923539062	OK	 
REQUEST	72		request_2	1592923539134	1592923539138	OK	 
REQUEST	22		request_3	1592923539155	1592923539163	OK	 
REQUEST	73		request_2	1592923539243	1592923539247	OK	 
REQUEST	23		request_3	1592923539264	1592923539271	OK	 
REQUEST	74		request_2	1592923539345	1592923539349	OK	 
REQUEST	24		request_3	1592923539355	1592923539363	OK	 
REQUEST	25		request_3	1592923539451	1592923539463	OK	 
REQUEST	75		request_2	1592923539451	1592923539467	OK	 
REQUEST	76		request_2	1592923539554	1592923539559	OK	 
REQUEST	26		request_3	1592923539554	1592923539565	OK	 
REQUEST	77		request_2	1592923539641	1592923539646	OK	 
REQUEST	27		request_3	1592923539651	1592923539660	OK	 
REQUEST	78		request_2	1592923539743	1592923539748	OK	 
REQUEST	28		request_3	1592923539754	1592923539762	OK	 
REQUEST	79		request_2	1592923539850	1592923539856	OK	 
REQUEST	29		request_3	1592923539851	1592923539864	OK	 
REQUEST	80		request_2	1592923539942	1592923539947	OK	 
REQUEST	30		request_3	1592923539952	1592923539958	OK	 
REQUEST	81		request_2	1592923540044	1592923540049	OK	 
REQUEST	31		request_3	1592923540055	1592923540062	OK	 
REQUEST	1		request_4	1592923540075	1592923540080	OK	 
USER	RecordedSimulation	1	END	1592923521992	1592923540082
REQUEST	82		request_2	1592923540141	1592923540147	OK	 
REQUEST	32		request_3	1592923540151	1592923540159	OK	 
REQUEST	2		request_4	1592923540172	1592923540176	OK	 
USER	RecordedSimulation	2	END	1592923522112	1592923540176
REQUEST	83		request_2	1592923540244	1592923540251	OK	 
REQUEST	33		request_3	1592923540254	1592923540261	OK	 
REQUEST	3		request_4	1592923540274	1592923540280	OK	 
USER	RecordedSimulation	3	END	1592923522214	1592923540281
REQUEST	84		request_2	1592923540340	1592923540348	OK	 
REQUEST	4		request_4	1592923540351	1592923540354	OK	 
USER	RecordedSimulation	4	END	1592923522312	1592923540355
REQUEST	34		request_3	1592923540361	1592923540370	OK	 
REQUEST	85		request_2	1592923540443	1592923540452	OK	 
REQUEST	35		request_3	1592923540454	1592923540462	OK	 
REQUEST	5		request_4	1592923540485	1592923540489	OK	 
USER	RecordedSimulation	5	END	1592923522415	1592923540490
REQUEST	36		request_3	1592923540551	1592923540559	OK	 
REQUEST	86		request_2	1592923540551	1592923540559	OK	 
REQUEST	6		request_4	1592923540582	1592923540587	OK	 
USER	RecordedSimulation	6	END	1592923522513	1592923540587
REQUEST	87		request_2	1592923540643	1592923540650	OK	 
REQUEST	37		request_3	1592923540654	1592923540661	OK	 
REQUEST	7		request_4	1592923540664	1592923540670	OK	 
USER	RecordedSimulation	7	END	1592923522615	1592923540670
REQUEST	88		request_2	1592923540730	1592923540735	OK	 
REQUEST	38		request_3	1592923540751	1592923540759	OK	 
REQUEST	8		request_4	1592923540761	1592923540766	OK	 
USER	RecordedSimulation	8	END	1592923522712	1592923540767
REQUEST	89		request_2	1592923540844	1592923540848	OK	 
REQUEST	9		request_4	1592923540864	1592923540871	OK	 
USER	RecordedSimulation	9	END	1592923522813	1592923540871
REQUEST	39		request_3	1592923540864	1592923540876	OK	 
REQUEST	90		request_2	1592923540941	1592923540945	OK	 
REQUEST	10		request_4	1592923540951	1592923540958	OK	 
USER	RecordedSimulation	10	END	1592923522910	1592923540958
REQUEST	40		request_3	1592923540951	1592923540962	OK	 
REQUEST	91		request_2	1592923541043	1592923541049	OK	 
REQUEST	41		request_3	1592923541063	1592923541071	OK	 
REQUEST	11		request_4	1592923541063	1592923541072	OK	 
USER	RecordedSimulation	11	END	1592923523013	1592923541072
REQUEST	92		request_2	1592923541135	1592923541138	OK	 
REQUEST	12		request_4	1592923541155	1592923541160	OK	 
USER	RecordedSimulation	12	END	1592923523111	1592923541160
REQUEST	42		request_3	1592923541145	1592923541168	OK	 
REQUEST	43		request_3	1592923541242	1592923541249	OK	 
REQUEST	13		request_4	1592923541262	1592923541268	OK	 
USER	RecordedSimulation	13	END	1592923523214	1592923541268
REQUEST	93		request_2	1592923541262	1592923541269	OK	 
REQUEST	44		request_3	1592923541344	1592923541350	OK	 
REQUEST	14		request_4	1592923541354	1592923541366	OK	 
USER	RecordedSimulation	14	END	1592923523311	1592923541366
REQUEST	94		request_2	1592923541354	1592923541366	OK	 
REQUEST	95		request_2	1592923541441	1592923541447	OK	 
REQUEST	45		request_3	1592923541441	1592923541449	OK	 
REQUEST	15		request_4	1592923541492	1592923541498	OK	 
USER	RecordedSimulation	15	END	1592923523413	1592923541498
REQUEST	46		request_3	1592923541543	1592923541550	OK	 
REQUEST	96		request_2	1592923541553	1592923541559	OK	 
REQUEST	16		request_4	1592923541574	1592923541579	OK	 
USER	RecordedSimulation	16	END	1592923523515	1592923541580
REQUEST	97		request_2	1592923541645	1592923541652	OK	 
REQUEST	47		request_3	1592923541645	1592923541655	OK	 
REQUEST	17		request_4	1592923541650	1592923541656	OK	 
USER	RecordedSimulation	17	END	1592923523611	1592923541656
REQUEST	98		request_2	1592923541743	1592923541751	OK	 
REQUEST	48		request_3	1592923541743	1592923541757	OK	 
REQUEST	18		request_4	1592923541764	1592923541768	OK	 
USER	RecordedSimulation	18	END	1592923523713	1592923541768
REQUEST	99		request_2	1592923541831	1592923541836	OK	 
REQUEST	49		request_3	1592923541841	1592923541847	OK	 
REQUEST	19		request_4	1592923541862	1592923541866	OK	 
USER	RecordedSimulation	19	END	1592923523815	1592923541866
REQUEST	100		request_2	1592923541944	1592923541953	OK	 
REQUEST	50		request_3	1592923541944	1592923541953	OK	 
REQUEST	20		request_4	1592923541975	1592923541979	OK	 
USER	RecordedSimulation	20	END	1592923523913	1592923541979
REQUEST	51		request_3	1592923542040	1592923542046	OK	 
REQUEST	21		request_4	1592923542061	1592923542067	OK	 
USER	RecordedSimulation	21	END	1592923524011	1592923542068
REQUEST	52		request_3	1592923542142	1592923542151	OK	 
REQUEST	22		request_4	1592923542163	1592923542168	OK	 
USER	RecordedSimulation	22	END	1592923524113	1592923542168
REQUEST	53		request_3	1592923542254	1592923542261	OK	 
REQUEST	23		request_4	1592923542264	1592923542269	OK	 
USER	RecordedSimulation	23	END	1592923524214	1592923542269
REQUEST	54		request_3	1592923542351	1592923542358	OK	 
REQUEST	24		request_4	1592923542362	1592923542365	OK	 
USER	RecordedSimulation	24	END	1592923524312	1592923542366
REQUEST	55		request_3	1592923542454	1592923542464	OK	 
REQUEST	25		request_4	1592923542475	1592923542479	OK	 
USER	RecordedSimulation	25	END	1592923524414	1592923542479
REQUEST	56		request_3	1592923542551	1592923542559	OK	 
REQUEST	26		request_4	1592923542561	1592923542566	OK	 
USER	RecordedSimulation	26	END	1592923524510	1592923542566
REQUEST	57		request_3	1592923542653	1592923542660	OK	 
REQUEST	27		request_4	1592923542663	1592923542666	OK	 
USER	RecordedSimulation	27	END	1592923524613	1592923542667
REQUEST	28		request_4	1592923542755	1592923542759	OK	 
USER	RecordedSimulation	28	END	1592923524711	1592923542760
REQUEST	58		request_3	1592923542755	1592923542767	OK	 
REQUEST	59		request_3	1592923542852	1592923542864	OK	 
REQUEST	29		request_4	1592923542872	1592923542879	OK	 
USER	RecordedSimulation	29	END	1592923524814	1592923542879
REQUEST	60		request_3	1592923542945	1592923542952	OK	 
REQUEST	30		request_4	1592923542965	1592923542970	OK	 
USER	RecordedSimulation	30	END	1592923524910	1592923542970
REQUEST	31		request_4	1592923543052	1592923543056	OK	 
USER	RecordedSimulation	31	END	1592923525013	1592923543056
REQUEST	61		request_3	1592923543052	1592923543065	OK	 
REQUEST	62		request_3	1592923543144	1592923543152	OK	 
REQUEST	32		request_4	1592923543165	1592923543168	OK	 
USER	RecordedSimulation	32	END	1592923525110	1592923543169
REQUEST	63		request_3	1592923543251	1592923543258	OK	 
REQUEST	33		request_4	1592923543261	1592923543267	OK	 
USER	RecordedSimulation	33	END	1592923525212	1592923543267
REQUEST	34		request_4	1592923543373	1592923543388	OK	 
USER	RecordedSimulation	34	END	1592923525314	1592923543388
REQUEST	64		request_3	1592923543343	1592923543392	OK	 
REQUEST	65		request_3	1592923543445	1592923543457	OK	 
REQUEST	35		request_4	1592923543450	1592923543457	OK	 
USER	RecordedSimulation	35	END	1592923525411	1592923543457
REQUEST	66		request_3	1592923543553	1592923543559	OK	 
REQUEST	36		request_4	1592923543563	1592923543569	OK	 
USER	RecordedSimulation	36	END	1592923525513	1592923543569
REQUEST	67		request_3	1592923543645	1592923543655	OK	 
REQUEST	37		request_4	1592923543656	1592923543660	OK	 
USER	RecordedSimulation	37	END	1592923525610	1592923543660
REQUEST	68		request_3	1592923543752	1592923543759	OK	 
REQUEST	38		request_4	1592923543762	1592923543766	OK	 
USER	RecordedSimulation	38	END	1592923525713	1592923543766
REQUEST	69		request_3	1592923543856	1592923543864	OK	 
REQUEST	39		request_4	1592923543870	1592923543876	OK	 
USER	RecordedSimulation	39	END	1592923525815	1592923543877
REQUEST	70		request_3	1592923543942	1592923543948	OK	 
REQUEST	40		request_4	1592923543973	1592923543978	OK	 
USER	RecordedSimulation	40	END	1592923525912	1592923543978
REQUEST	71		request_3	1592923544055	1592923544062	OK	 
REQUEST	41		request_4	1592923544076	1592923544080	OK	 
USER	RecordedSimulation	41	END	1592923526015	1592923544081
REQUEST	72		request_3	1592923544142	1592923544148	OK	 
REQUEST	42		request_4	1592923544172	1592923544178	OK	 
USER	RecordedSimulation	42	END	1592923526101	1592923544178
REQUEST	43		request_4	1592923544253	1592923544258	OK	 
USER	RecordedSimulation	43	END	1592923526203	1592923544258
REQUEST	73		request_3	1592923544253	1592923544266	OK	 
REQUEST	44		request_4	1592923544345	1592923544349	OK	 
USER	RecordedSimulation	44	END	1592923526301	1592923544350
REQUEST	74		request_3	1592923544350	1592923544357	OK	 
REQUEST	45		request_4	1592923544453	1592923544458	OK	 
USER	RecordedSimulation	45	END	1592923526403	1592923544458
REQUEST	75		request_3	1592923544463	1592923544469	OK	 
REQUEST	46		request_4	1592923544545	1592923544550	OK	 
USER	RecordedSimulation	46	END	1592923526500	1592923544551
REQUEST	76		request_3	1592923544555	1592923544563	OK	 
REQUEST	47		request_4	1592923544652	1592923544659	OK	 
USER	RecordedSimulation	47	END	1592923526603	1592923544659
REQUEST	77		request_3	1592923544652	1592923544663	OK	 
REQUEST	48		request_4	1592923544754	1592923544762	OK	 
USER	RecordedSimulation	48	END	1592923526700	1592923544762
REQUEST	78		request_3	1592923544754	1592923544769	OK	 
REQUEST	49		request_4	1592923544856	1592923544860	OK	 
USER	RecordedSimulation	49	END	1592923526803	1592923544860
REQUEST	79		request_3	1592923544856	1592923544873	OK	 
REQUEST	50		request_4	1592923544953	1592923544959	OK	 
USER	RecordedSimulation	50	END	1592923526905	1592923544959
REQUEST	80		request_3	1592923544953	1592923544965	OK	 
REQUEST	51		request_4	1592923545055	1592923545059	OK	 
USER	RecordedSimulation	51	END	1592923527003	1592923545059
REQUEST	81		request_3	1592923545055	1592923545074	OK	 
REQUEST	52		request_4	1592923545152	1592923545156	OK	 
USER	RecordedSimulation	52	END	1592923527110	1592923545157
REQUEST	82		request_3	1592923545152	1592923545166	OK	 
REQUEST	53		request_4	1592923545255	1592923545259	OK	 
USER	RecordedSimulation	53	END	1592923527212	1592923545260
REQUEST	83		request_3	1592923545255	1592923545267	OK	 
REQUEST	84		request_3	1592923545352	1592923545361	OK	 
REQUEST	54		request_4	1592923545362	1592923545367	OK	 
USER	RecordedSimulation	54	END	1592923527315	1592923545367
REQUEST	85		request_3	1592923545454	1592923545461	OK	 
REQUEST	55		request_4	1592923545464	1592923545468	OK	 
USER	RecordedSimulation	55	END	1592923527411	1592923545469
REQUEST	56		request_4	1592923545551	1592923545556	OK	 
USER	RecordedSimulation	56	END	1592923527513	1592923545556
REQUEST	86		request_3	1592923545551	1592923545562	OK	 
REQUEST	87		request_3	1592923545653	1592923545663	OK	 
REQUEST	57		request_4	1592923545663	1592923545668	OK	 
USER	RecordedSimulation	57	END	1592923527615	1592923545668
REQUEST	88		request_3	1592923545750	1592923545762	OK	 
REQUEST	58		request_4	1592923545760	1592923545766	OK	 
USER	RecordedSimulation	58	END	1592923527711	1592923545767
REQUEST	89		request_3	1592923545852	1592923545858	OK	 
REQUEST	59		request_4	1592923545873	1592923545877	OK	 
USER	RecordedSimulation	59	END	1592923527814	1592923545877
REQUEST	90		request_3	1592923545950	1592923545958	OK	 
REQUEST	60		request_4	1592923545950	1592923545960	OK	 
USER	RecordedSimulation	60	END	1592923527911	1592923545960
REQUEST	91		request_3	1592923546053	1592923546059	OK	 
REQUEST	61		request_4	1592923546063	1592923546067	OK	 
USER	RecordedSimulation	61	END	1592923528013	1592923546068
REQUEST	92		request_3	1592923546145	1592923546151	OK	 
REQUEST	62		request_4	1592923546155	1592923546158	OK	 
USER	RecordedSimulation	62	END	1592923528111	1592923546159
REQUEST	63		request_4	1592923546251	1592923546256	OK	 
USER	RecordedSimulation	63	END	1592923528213	1592923546257
REQUEST	93		request_3	1592923546262	1592923546275	OK	 
REQUEST	94		request_3	1592923546365	1592923546373	OK	 
REQUEST	64		request_4	1592923546390	1592923546399	OK	 
USER	RecordedSimulation	64	END	1592923528310	1592923546399
REQUEST	95		request_3	1592923546452	1592923546462	OK	 
REQUEST	65		request_4	1592923546462	1592923546466	OK	 
USER	RecordedSimulation	65	END	1592923528413	1592923546466
REQUEST	66		request_4	1592923546555	1592923546563	OK	 
USER	RecordedSimulation	66	END	1592923528514	1592923546563
REQUEST	96		request_3	1592923546555	1592923546569	OK	 
REQUEST	67		request_4	1592923546651	1592923546657	OK	 
USER	RecordedSimulation	67	END	1592923528610	1592923546657
REQUEST	97		request_3	1592923546651	1592923546661	OK	 
REQUEST	68		request_4	1592923546754	1592923546761	OK	 
USER	RecordedSimulation	68	END	1592923528713	1592923546761
REQUEST	98		request_3	1592923546754	1592923546769	OK	 
REQUEST	99		request_3	1592923546855	1592923546862	OK	 
REQUEST	69		request_4	1592923546865	1592923546870	OK	 
USER	RecordedSimulation	69	END	1592923528810	1592923546871
REQUEST	100		request_3	1592923546953	1592923546959	OK	 
REQUEST	70		request_4	1592923546963	1592923546968	OK	 
USER	RecordedSimulation	70	END	1592923528911	1592923546968
REQUEST	71		request_4	1592923547055	1592923547059	OK	 
USER	RecordedSimulation	71	END	1592923529013	1592923547059
REQUEST	72		request_4	1592923547152	1592923547157	OK	 
USER	RecordedSimulation	72	END	1592923529111	1592923547157
REQUEST	73		request_4	1592923547265	1592923547268	OK	 
USER	RecordedSimulation	73	END	1592923529214	1592923547269
REQUEST	74		request_4	1592923547360	1592923547364	OK	 
USER	RecordedSimulation	74	END	1592923529315	1592923547364
REQUEST	75		request_4	1592923547474	1592923547478	OK	 
USER	RecordedSimulation	75	END	1592923529413	1592923547479
REQUEST	76		request_4	1592923547560	1592923547566	OK	 
USER	RecordedSimulation	76	END	1592923529516	1592923547566
REQUEST	77		request_4	1592923547662	1592923547667	OK	 
USER	RecordedSimulation	77	END	1592923529613	1592923547668
REQUEST	78		request_4	1592923547763	1592923547767	OK	 
USER	RecordedSimulation	78	END	1592923529715	1592923547767
REQUEST	79		request_4	1592923547870	1592923547877	OK	 
USER	RecordedSimulation	79	END	1592923529812	1592923547878
REQUEST	80		request_4	1592923547963	1592923547972	OK	 
USER	RecordedSimulation	80	END	1592923529914	1592923547973
REQUEST	81		request_4	1592923548065	1592923548069	OK	 
USER	RecordedSimulation	81	END	1592923530011	1592923548069
REQUEST	82		request_4	1592923548162	1592923548166	OK	 
USER	RecordedSimulation	82	END	1592923530113	1592923548166
REQUEST	83		request_4	1592923548265	1592923548269	OK	 
USER	RecordedSimulation	83	END	1592923530210	1592923548269
REQUEST	84		request_4	1592923548362	1592923548366	OK	 
USER	RecordedSimulation	84	END	1592923530313	1592923548366
REQUEST	85		request_4	1592923548464	1592923548468	OK	 
USER	RecordedSimulation	85	END	1592923530415	1592923548468
REQUEST	86		request_4	1592923548572	1592923548575	OK	 
USER	RecordedSimulation	86	END	1592923530513	1592923548576
REQUEST	87		request_4	1592923548663	1592923548667	OK	 
USER	RecordedSimulation	87	END	1592923530614	1592923548668
REQUEST	88		request_4	1592923548755	1592923548759	OK	 
USER	RecordedSimulation	88	END	1592923530711	1592923548759
REQUEST	89		request_4	1592923548852	1592923548856	OK	 
USER	RecordedSimulation	89	END	1592923530814	1592923548856
REQUEST	90		request_4	1592923548955	1592923548960	OK	 
USER	RecordedSimulation	90	END	1592923530910	1592923548961
REQUEST	91		request_4	1592923549061	1592923549065	OK	 
USER	RecordedSimulation	91	END	1592923531013	1592923549065
REQUEST	92		request_4	1592923549155	1592923549159	OK	 
USER	RecordedSimulation	92	END	1592923531110	1592923549159
REQUEST	93		request_4	1592923549282	1592923549286	OK	 
USER	RecordedSimulation	93	END	1592923531212	1592923549287
REQUEST	94		request_4	1592923549365	1592923549372	OK	 
USER	RecordedSimulation	94	END	1592923531315	1592923549372
REQUEST	95		request_4	1592923549451	1592923549455	OK	 
USER	RecordedSimulation	95	END	1592923531412	1592923549456
REQUEST	96		request_4	1592923549553	1592923549559	OK	 
USER	RecordedSimulation	96	END	1592923531515	1592923549560
REQUEST	97		request_4	1592923549665	1592923549676	OK	 
USER	RecordedSimulation	97	END	1592923531612	1592923549676
REQUEST	98		request_4	1592923549762	1592923549765	OK	 
USER	RecordedSimulation	98	END	1592923531714	1592923549766
REQUEST	99		request_4	1592923549854	1592923549863	OK	 
USER	RecordedSimulation	99	END	1592923531811	1592923549864
REQUEST	100		request_4	1592923549965	1592923549970	OK	 
USER	RecordedSimulation	100	END	1592923531913	1592923549970
