RUN	RecordedSimulation	recordedsimulation	1592924186765	 	3.3.1
USER	RecordedSimulation	1	START	1592924187631	1592924187631
USER	RecordedSimulation	2	START	1592924187737	1592924187737
USER	RecordedSimulation	3	START	1592924187834	1592924187834
USER	RecordedSimulation	4	START	1592924187937	1592924187937
USER	RecordedSimulation	5	START	1592924188034	1592924188034
REQUEST	2		request_0	1592924187738	1592924188049	OK	 
REQUEST	4		request_0	1592924187937	1592924188049	OK	 
REQUEST	5		request_0	1592924188035	1592924188049	OK	 
REQUEST	1		request_0	1592924187648	1592924188049	OK	 
REQUEST	3		request_0	1592924187835	1592924188049	OK	 
USER	RecordedSimulation	6	START	1592924188136	1592924188136
REQUEST	6		request_0	1592924188137	1592924188146	OK	 
USER	RecordedSimulation	7	START	1592924188233	1592924188233
REQUEST	7		request_0	1592924188234	1592924188241	OK	 
USER	RecordedSimulation	8	START	1592924188335	1592924188335
REQUEST	8		request_0	1592924188336	1592924188343	OK	 
USER	RecordedSimulation	9	START	1592924188438	1592924188438
REQUEST	9		request_0	1592924188438	1592924188454	OK	 
USER	RecordedSimulation	10	START	1592924188535	1592924188535
REQUEST	10		request_0	1592924188535	1592924188543	OK	 
USER	RecordedSimulation	11	START	1592924188637	1592924188637
REQUEST	11		request_0	1592924188637	1592924188644	OK	 
USER	RecordedSimulation	12	START	1592924188734	1592924188734
REQUEST	12		request_0	1592924188734	1592924188742	OK	 
USER	RecordedSimulation	13	START	1592924188835	1592924188835
REQUEST	13		request_0	1592924188835	1592924188845	OK	 
USER	RecordedSimulation	14	START	1592924188937	1592924188937
REQUEST	14		request_0	1592924188937	1592924188945	OK	 
USER	RecordedSimulation	15	START	1592924189033	1592924189033
REQUEST	15		request_0	1592924189034	1592924189047	OK	 
USER	RecordedSimulation	16	START	1592924189135	1592924189135
REQUEST	16		request_0	1592924189135	1592924189142	OK	 
USER	RecordedSimulation	17	START	1592924189237	1592924189237
REQUEST	17		request_0	1592924189237	1592924189244	OK	 
USER	RecordedSimulation	18	START	1592924189333	1592924189333
REQUEST	18		request_0	1592924189334	1592924189340	OK	 
USER	RecordedSimulation	19	START	1592924189435	1592924189435
REQUEST	19		request_0	1592924189436	1592924189446	OK	 
USER	RecordedSimulation	20	START	1592924189538	1592924189538
REQUEST	20		request_0	1592924189538	1592924189544	OK	 
USER	RecordedSimulation	21	START	1592924189635	1592924189635
REQUEST	21		request_0	1592924189635	1592924189642	OK	 
USER	RecordedSimulation	22	START	1592924189737	1592924189737
REQUEST	22		request_0	1592924189738	1592924189744	OK	 
USER	RecordedSimulation	23	START	1592924189834	1592924189834
REQUEST	23		request_0	1592924189835	1592924189841	OK	 
USER	RecordedSimulation	24	START	1592924189936	1592924189936
REQUEST	24		request_0	1592924189937	1592924189947	OK	 
USER	RecordedSimulation	25	START	1592924190034	1592924190034
REQUEST	25		request_0	1592924190034	1592924190040	OK	 
USER	RecordedSimulation	26	START	1592924190137	1592924190137
REQUEST	26		request_0	1592924190138	1592924190148	OK	 
USER	RecordedSimulation	27	START	1592924190234	1592924190234
REQUEST	27		request_0	1592924190235	1592924190245	OK	 
USER	RecordedSimulation	28	START	1592924190336	1592924190336
REQUEST	28		request_0	1592924190337	1592924190343	OK	 
USER	RecordedSimulation	29	START	1592924190434	1592924190434
REQUEST	29		request_0	1592924190434	1592924190440	OK	 
USER	RecordedSimulation	30	START	1592924190535	1592924190535
REQUEST	30		request_0	1592924190536	1592924190543	OK	 
USER	RecordedSimulation	31	START	1592924190638	1592924190638
REQUEST	31		request_0	1592924190638	1592924190645	OK	 
USER	RecordedSimulation	32	START	1592924190736	1592924190736
REQUEST	32		request_0	1592924190736	1592924190743	OK	 
USER	RecordedSimulation	33	START	1592924190838	1592924190838
REQUEST	33		request_0	1592924190838	1592924190844	OK	 
USER	RecordedSimulation	34	START	1592924190935	1592924190935
REQUEST	34		request_0	1592924190935	1592924190941	OK	 
USER	RecordedSimulation	35	START	1592924191037	1592924191037
REQUEST	35		request_0	1592924191037	1592924191043	OK	 
USER	RecordedSimulation	36	START	1592924191133	1592924191133
REQUEST	36		request_0	1592924191134	1592924191140	OK	 
USER	RecordedSimulation	37	START	1592924191237	1592924191237
REQUEST	37		request_0	1592924191237	1592924191243	OK	 
USER	RecordedSimulation	38	START	1592924191339	1592924191339
REQUEST	38		request_0	1592924191339	1592924191352	OK	 
USER	RecordedSimulation	39	START	1592924191435	1592924191435
REQUEST	39		request_0	1592924191435	1592924191441	OK	 
USER	RecordedSimulation	40	START	1592924191538	1592924191538
REQUEST	40		request_0	1592924191538	1592924191544	OK	 
USER	RecordedSimulation	41	START	1592924191634	1592924191634
REQUEST	41		request_0	1592924191634	1592924191643	OK	 
USER	RecordedSimulation	42	START	1592924191737	1592924191737
REQUEST	42		request_0	1592924191737	1592924191744	OK	 
USER	RecordedSimulation	43	START	1592924191833	1592924191833
REQUEST	43		request_0	1592924191834	1592924191840	OK	 
REQUEST	11		request_1	1592924191655	1592924191871	OK	 
REQUEST	12		request_1	1592924191747	1592924191871	OK	 
REQUEST	13		request_1	1592924191864	1592924191885	OK	 
USER	RecordedSimulation	44	START	1592924191936	1592924191936
REQUEST	44		request_0	1592924191936	1592924191942	OK	 
USER	RecordedSimulation	45	START	1592924192038	1592924192038
REQUEST	45		request_0	1592924192038	1592924192048	OK	 
USER	RecordedSimulation	46	START	1592924192135	1592924192135
REQUEST	46		request_0	1592924192135	1592924192162	OK	 
REQUEST	4		request_1	1592924191081	1592924192203	OK	 
REQUEST	6		request_1	1592924191154	1592924192205	OK	 
REQUEST	7		request_1	1592924191257	1592924192207	OK	 
USER	RecordedSimulation	47	START	1592924192238	1592924192238
REQUEST	2		request_1	1592924191081	1592924192255	OK	 
REQUEST	47		request_0	1592924192238	1592924192256	OK	 
REQUEST	14		request_1	1592924191957	1592924192281	OK	 
REQUEST	9		request_1	1592924191466	1592924192283	OK	 
REQUEST	1		request_1	1592924191081	1592924192288	OK	 
REQUEST	10		request_1	1592924191554	1592924192290	OK	 
REQUEST	3		request_1	1592924191081	1592924192312	OK	 
REQUEST	8		request_1	1592924191354	1592924192314	KO	status.find.in(200,201,202,203,204,205,206,207,208,209,304), found 500
REQUEST	5		request_1	1592924191081	1592924192314	KO	status.find.in(200,201,202,203,204,205,206,207,208,209,304), found 500
REQUEST	16		request_1	1592924192156	1592924192318	OK	 
USER	RecordedSimulation	48	START	1592924192336	1592924192336
REQUEST	48		request_0	1592924192336	1592924192347	OK	 
REQUEST	18		request_1	1592924192346	1592924192377	OK	 
REQUEST	17		request_1	1592924192259	1592924192381	OK	 
REQUEST	15		request_1	1592924192059	1592924192384	OK	 
USER	RecordedSimulation	49	START	1592924192435	1592924192435
REQUEST	49		request_0	1592924192435	1592924192443	OK	 
REQUEST	19		request_1	1592924192465	1592924192476	OK	 
USER	RecordedSimulation	50	START	1592924192537	1592924192537
REQUEST	50		request_0	1592924192537	1592924192544	OK	 
REQUEST	20		request_1	1592924192557	1592924192566	OK	 
USER	RecordedSimulation	51	START	1592924192634	1592924192634
REQUEST	51		request_0	1592924192634	1592924192641	OK	 
REQUEST	21		request_1	1592924192654	1592924192662	OK	 
USER	RecordedSimulation	52	START	1592924192746	1592924192746
REQUEST	52		request_0	1592924192747	1592924192753	OK	 
REQUEST	22		request_1	1592924192757	1592924192764	OK	 
USER	RecordedSimulation	53	START	1592924192844	1592924192844
REQUEST	53		request_0	1592924192844	1592924192850	OK	 
REQUEST	23		request_1	1592924192854	1592924192861	OK	 
USER	RecordedSimulation	54	START	1592924192946	1592924192946
REQUEST	54		request_0	1592924192946	1592924192951	OK	 
REQUEST	24		request_1	1592924192966	1592924192974	OK	 
USER	RecordedSimulation	55	START	1592924193048	1592924193048
REQUEST	55		request_0	1592924193048	1592924193054	OK	 
REQUEST	25		request_1	1592924193059	1592924193066	OK	 
USER	RecordedSimulation	56	START	1592924193146	1592924193146
REQUEST	56		request_0	1592924193146	1592924193151	OK	 
REQUEST	26		request_1	1592924193167	1592924193174	OK	 
USER	RecordedSimulation	57	START	1592924193248	1592924193248
REQUEST	57		request_0	1592924193248	1592924193257	OK	 
REQUEST	27		request_1	1592924193268	1592924193276	OK	 
USER	RecordedSimulation	58	START	1592924193345	1592924193345
REQUEST	58		request_0	1592924193345	1592924193352	OK	 
REQUEST	28		request_1	1592924193355	1592924193362	OK	 
USER	RecordedSimulation	59	START	1592924193446	1592924193446
REQUEST	59		request_0	1592924193447	1592924193452	OK	 
REQUEST	29		request_1	1592924193457	1592924193464	OK	 
USER	RecordedSimulation	60	START	1592924193544	1592924193544
REQUEST	60		request_0	1592924193544	1592924193550	OK	 
REQUEST	30		request_1	1592924193554	1592924193561	OK	 
USER	RecordedSimulation	61	START	1592924193647	1592924193647
REQUEST	61		request_0	1592924193647	1592924193653	OK	 
REQUEST	31		request_1	1592924193657	1592924193664	OK	 
USER	RecordedSimulation	62	START	1592924193733	1592924193733
REQUEST	62		request_0	1592924193734	1592924193740	OK	 
REQUEST	32		request_1	1592924193754	1592924193766	OK	 
USER	RecordedSimulation	63	START	1592924193835	1592924193835
REQUEST	63		request_0	1592924193836	1592924193842	OK	 
REQUEST	33		request_1	1592924193856	1592924193865	OK	 
USER	RecordedSimulation	64	START	1592924193938	1592924193938
REQUEST	64		request_0	1592924193938	1592924193943	OK	 
REQUEST	34		request_1	1592924193958	1592924193966	OK	 
USER	RecordedSimulation	65	START	1592924194035	1592924194035
REQUEST	65		request_0	1592924194035	1592924194042	OK	 
REQUEST	35		request_1	1592924194055	1592924194063	OK	 
USER	RecordedSimulation	66	START	1592924194137	1592924194137
REQUEST	66		request_0	1592924194138	1592924194143	OK	 
REQUEST	36		request_1	1592924194158	1592924194165	OK	 
USER	RecordedSimulation	67	START	1592924194234	1592924194234
REQUEST	67		request_0	1592924194235	1592924194240	OK	 
REQUEST	37		request_1	1592924194255	1592924194261	OK	 
USER	RecordedSimulation	68	START	1592924194336	1592924194336
REQUEST	68		request_0	1592924194337	1592924194342	OK	 
REQUEST	38		request_1	1592924194368	1592924194374	OK	 
USER	RecordedSimulation	69	START	1592924194434	1592924194434
REQUEST	69		request_0	1592924194434	1592924194439	OK	 
REQUEST	39		request_1	1592924194454	1592924194460	OK	 
USER	RecordedSimulation	70	START	1592924194536	1592924194536
REQUEST	70		request_0	1592924194536	1592924194542	OK	 
REQUEST	40		request_1	1592924194556	1592924194562	OK	 
USER	RecordedSimulation	71	START	1592924194638	1592924194638
REQUEST	71		request_0	1592924194638	1592924194646	OK	 
REQUEST	41		request_1	1592924194658	1592924194668	OK	 
USER	RecordedSimulation	72	START	1592924194734	1592924194734
REQUEST	72		request_0	1592924194735	1592924194741	OK	 
REQUEST	42		request_1	1592924194755	1592924194761	OK	 
USER	RecordedSimulation	73	START	1592924194837	1592924194837
REQUEST	73		request_0	1592924194837	1592924194842	OK	 
REQUEST	43		request_1	1592924194857	1592924194865	OK	 
USER	RecordedSimulation	74	START	1592924194934	1592924194934
REQUEST	74		request_0	1592924194934	1592924194940	OK	 
REQUEST	44		request_1	1592924194955	1592924194961	OK	 
USER	RecordedSimulation	75	START	1592924195037	1592924195037
REQUEST	75		request_0	1592924195038	1592924195044	OK	 
REQUEST	45		request_1	1592924195069	1592924195080	OK	 
USER	RecordedSimulation	76	START	1592924195135	1592924195135
REQUEST	76		request_0	1592924195135	1592924195140	OK	 
REQUEST	46		request_1	1592924195176	1592924195184	OK	 
USER	RecordedSimulation	77	START	1592924195237	1592924195237
REQUEST	77		request_0	1592924195237	1592924195243	OK	 
REQUEST	47		request_1	1592924195268	1592924195275	OK	 
USER	RecordedSimulation	78	START	1592924195334	1592924195334
REQUEST	78		request_0	1592924195334	1592924195341	OK	 
REQUEST	48		request_1	1592924195364	1592924195372	OK	 
USER	RecordedSimulation	79	START	1592924195436	1592924195436
REQUEST	79		request_0	1592924195436	1592924195442	OK	 
REQUEST	49		request_1	1592924195457	1592924195464	OK	 
USER	RecordedSimulation	80	START	1592924195534	1592924195534
REQUEST	80		request_0	1592924195534	1592924195539	OK	 
REQUEST	50		request_1	1592924195555	1592924195561	OK	 
USER	RecordedSimulation	81	START	1592924195637	1592924195637
REQUEST	81		request_0	1592924195638	1592924195643	OK	 
REQUEST	51		request_1	1592924195658	1592924195666	OK	 
USER	RecordedSimulation	82	START	1592924195734	1592924195734
REQUEST	82		request_0	1592924195734	1592924195740	OK	 
REQUEST	52		request_1	1592924195765	1592924195772	OK	 
USER	RecordedSimulation	83	START	1592924195837	1592924195837
REQUEST	83		request_0	1592924195837	1592924195845	OK	 
REQUEST	53		request_1	1592924195868	1592924195875	OK	 
USER	RecordedSimulation	84	START	1592924195939	1592924195939
REQUEST	84		request_0	1592924195939	1592924195944	OK	 
REQUEST	54		request_1	1592924195965	1592924195971	OK	 
USER	RecordedSimulation	85	START	1592924196036	1592924196036
REQUEST	85		request_0	1592924196037	1592924196042	OK	 
REQUEST	55		request_1	1592924196068	1592924196074	OK	 
USER	RecordedSimulation	86	START	1592924196138	1592924196138
REQUEST	86		request_0	1592924196138	1592924196143	OK	 
REQUEST	56		request_1	1592924196168	1592924196174	OK	 
USER	RecordedSimulation	87	START	1592924196234	1592924196234
REQUEST	87		request_0	1592924196235	1592924196240	OK	 
REQUEST	57		request_1	1592924196266	1592924196272	OK	 
USER	RecordedSimulation	88	START	1592924196337	1592924196337
REQUEST	88		request_0	1592924196337	1592924196343	OK	 
REQUEST	58		request_1	1592924196368	1592924196374	OK	 
USER	RecordedSimulation	89	START	1592924196434	1592924196434
REQUEST	89		request_0	1592924196434	1592924196440	OK	 
REQUEST	59		request_1	1592924196465	1592924196472	OK	 
USER	RecordedSimulation	90	START	1592924196537	1592924196537
REQUEST	90		request_0	1592924196537	1592924196542	OK	 
REQUEST	60		request_1	1592924196568	1592924196574	OK	 
USER	RecordedSimulation	91	START	1592924196634	1592924196634
REQUEST	91		request_0	1592924196634	1592924196639	OK	 
REQUEST	61		request_1	1592924196665	1592924196671	OK	 
USER	RecordedSimulation	92	START	1592924196747	1592924196747
REQUEST	92		request_0	1592924196747	1592924196754	OK	 
REQUEST	62		request_1	1592924196747	1592924196754	OK	 
USER	RecordedSimulation	93	START	1592924196843	1592924196843
REQUEST	93		request_0	1592924196844	1592924196851	OK	 
REQUEST	63		request_1	1592924196854	1592924196860	OK	 
USER	RecordedSimulation	94	START	1592924196946	1592924196946
REQUEST	94		request_0	1592924196946	1592924196951	OK	 
REQUEST	64		request_1	1592924196957	1592924196963	OK	 
USER	RecordedSimulation	95	START	1592924197048	1592924197048
REQUEST	95		request_0	1592924197049	1592924197054	OK	 
REQUEST	65		request_1	1592924197059	1592924197065	OK	 
USER	RecordedSimulation	96	START	1592924197146	1592924197146
REQUEST	96		request_0	1592924197147	1592924197152	OK	 
REQUEST	66		request_1	1592924197157	1592924197163	OK	 
USER	RecordedSimulation	97	START	1592924197243	1592924197243
REQUEST	97		request_0	1592924197244	1592924197249	OK	 
REQUEST	67		request_1	1592924197254	1592924197259	OK	 
USER	RecordedSimulation	98	START	1592924197345	1592924197345
REQUEST	98		request_0	1592924197345	1592924197350	OK	 
REQUEST	68		request_1	1592924197355	1592924197396	OK	 
USER	RecordedSimulation	99	START	1592924197446	1592924197446
REQUEST	99		request_0	1592924197447	1592924197452	OK	 
REQUEST	69		request_1	1592924197457	1592924197463	OK	 
USER	RecordedSimulation	100	START	1592924197544	1592924197544
REQUEST	100		request_0	1592924197544	1592924197549	OK	 
REQUEST	70		request_1	1592924197555	1592924197560	OK	 
REQUEST	71		request_1	1592924197657	1592924197663	OK	 
REQUEST	72		request_1	1592924197754	1592924197759	OK	 
REQUEST	73		request_1	1592924197856	1592924197862	OK	 
REQUEST	74		request_1	1592924197958	1592924197964	OK	 
REQUEST	75		request_1	1592924198055	1592924198061	OK	 
REQUEST	76		request_1	1592924198158	1592924198163	OK	 
REQUEST	77		request_1	1592924198254	1592924198260	OK	 
REQUEST	78		request_1	1592924198355	1592924198361	OK	 
REQUEST	79		request_1	1592924198458	1592924198464	OK	 
REQUEST	80		request_1	1592924198554	1592924198563	OK	 
REQUEST	81		request_1	1592924198656	1592924198663	OK	 
REQUEST	82		request_1	1592924198759	1592924198764	OK	 
REQUEST	83		request_1	1592924198855	1592924198864	OK	 
REQUEST	11		request_2	1592924198876	1592924198890	OK	 
REQUEST	12		request_2	1592924198886	1592924198894	OK	 
REQUEST	13		request_2	1592924198896	1592924198903	OK	 
REQUEST	84		request_1	1592924198968	1592924198974	OK	 
REQUEST	85		request_1	1592924199055	1592924199060	OK	 
REQUEST	86		request_1	1592924199157	1592924199163	OK	 
REQUEST	4		request_2	1592924199199	1592924199212	OK	 
REQUEST	7		request_2	1592924199214	1592924199220	OK	 
REQUEST	6		request_2	1592924199214	1592924199228	OK	 
REQUEST	87		request_1	1592924199254	1592924199261	OK	 
REQUEST	2		request_2	1592924199244	1592924199262	OK	 
REQUEST	1		request_2	1592924199285	1592924199295	OK	 
REQUEST	10		request_2	1592924199296	1592924199310	OK	 
REQUEST	9		request_2	1592924199296	1592924199313	OK	 
REQUEST	16		request_2	1592924199327	1592924199338	OK	 
REQUEST	5		request_2	1592924199306	1592924199338	OK	 
REQUEST	3		request_2	1592924199306	1592924199341	OK	 
REQUEST	14		request_2	1592924199275	1592924199342	OK	 
REQUEST	8		request_2	1592924199327	1592924199344	OK	 
REQUEST	88		request_1	1592924199357	1592924199362	OK	 
REQUEST	17		request_2	1592924199387	1592924199400	OK	 
REQUEST	18		request_2	1592924199387	1592924199410	OK	 
REQUEST	15		request_2	1592924199387	1592924199417	OK	 
REQUEST	89		request_1	1592924199458	1592924199464	OK	 
REQUEST	19		request_2	1592924199474	1592924199485	OK	 
REQUEST	90		request_1	1592924199555	1592924199561	OK	 
REQUEST	20		request_2	1592924199565	1592924199572	OK	 
REQUEST	91		request_1	1592924199658	1592924199663	OK	 
REQUEST	21		request_2	1592924199668	1592924199674	OK	 
REQUEST	92		request_1	1592924199765	1592924199770	OK	 
REQUEST	22		request_2	1592924199765	1592924199773	OK	 
REQUEST	23		request_2	1592924199867	1592924199870	OK	 
REQUEST	93		request_1	1592924199867	1592924199880	OK	 
REQUEST	94		request_1	1592924199969	1592924199975	OK	 
REQUEST	24		request_2	1592924199974	1592924199987	OK	 
REQUEST	25		request_2	1592924200065	1592924200069	OK	 
REQUEST	95		request_1	1592924200065	1592924200079	OK	 
REQUEST	96		request_1	1592924200167	1592924200173	OK	 
REQUEST	26		request_2	1592924200177	1592924200184	OK	 
REQUEST	97		request_1	1592924200254	1592924200267	OK	 
REQUEST	27		request_2	1592924200264	1592924200269	OK	 
REQUEST	28		request_2	1592924200366	1592924200370	OK	 
REQUEST	98		request_1	1592924200366	1592924200379	OK	 
REQUEST	99		request_1	1592924200469	1592924200475	OK	 
REQUEST	29		request_2	1592924200469	1592924200476	OK	 
REQUEST	30		request_2	1592924200566	1592924200576	OK	 
REQUEST	100		request_1	1592924200566	1592924200577	OK	 
REQUEST	31		request_2	1592924200669	1592924200672	OK	 
REQUEST	32		request_2	1592924200777	1592924200780	OK	 
REQUEST	33		request_2	1592924200864	1592924200867	OK	 
REQUEST	34		request_2	1592924200966	1592924200969	OK	 
REQUEST	35		request_2	1592924201064	1592924201067	OK	 
REQUEST	36		request_2	1592924201166	1592924201170	OK	 
REQUEST	37		request_2	1592924201268	1592924201271	OK	 
REQUEST	38		request_2	1592924201375	1592924201378	OK	 
REQUEST	39		request_2	1592924201467	1592924201470	OK	 
REQUEST	40		request_2	1592924201564	1592924201567	OK	 
REQUEST	41		request_2	1592924201666	1592924201669	OK	 
REQUEST	42		request_2	1592924201769	1592924201772	OK	 
REQUEST	43		request_2	1592924201865	1592924201871	OK	 
REQUEST	44		request_2	1592924201967	1592924201970	OK	 
REQUEST	45		request_2	1592924202064	1592924202067	OK	 
REQUEST	46		request_2	1592924202186	1592924202189	OK	 
REQUEST	47		request_2	1592924202278	1592924202281	OK	 
REQUEST	48		request_2	1592924202374	1592924202377	OK	 
REQUEST	49		request_2	1592924202467	1592924202470	OK	 
REQUEST	50		request_2	1592924202564	1592924202568	OK	 
REQUEST	51		request_2	1592924202667	1592924202670	OK	 
REQUEST	52		request_2	1592924202775	1592924202779	OK	 
REQUEST	53		request_2	1592924202877	1592924202880	OK	 
REQUEST	54		request_2	1592924202974	1592924202984	OK	 
REQUEST	55		request_2	1592924203076	1592924203079	OK	 
REQUEST	56		request_2	1592924203178	1592924203181	OK	 
REQUEST	57		request_2	1592924203285	1592924203288	OK	 
REQUEST	58		request_2	1592924203378	1592924203381	OK	 
REQUEST	59		request_2	1592924203475	1592924203478	OK	 
REQUEST	60		request_2	1592924203577	1592924203580	OK	 
REQUEST	61		request_2	1592924203674	1592924203677	OK	 
REQUEST	62		request_2	1592924203766	1592924203769	OK	 
REQUEST	63		request_2	1592924203868	1592924203871	OK	 
REQUEST	11		request_3	1592924203894	1592924203901	OK	 
REQUEST	13		request_3	1592924203884	1592924203901	OK	 
REQUEST	12		request_3	1592924203884	1592924203903	OK	 
REQUEST	64		request_2	1592924203965	1592924203968	OK	 
REQUEST	65		request_2	1592924204078	1592924204081	OK	 
REQUEST	66		request_2	1592924204164	1592924204167	OK	 
REQUEST	4		request_3	1592924204195	1592924204205	OK	 
REQUEST	7		request_3	1592924204206	1592924204209	OK	 
REQUEST	6		request_3	1592924204236	1592924204240	OK	 
REQUEST	2		request_3	1592924204267	1592924204271	OK	 
REQUEST	67		request_2	1592924204267	1592924204273	OK	 
REQUEST	1		request_3	1592924204288	1592924204291	OK	 
REQUEST	9		request_3	1592924204308	1592924204312	OK	 
REQUEST	10		request_3	1592924204318	1592924204322	OK	 
REQUEST	5		request_3	1592924204339	1592924204342	OK	 
REQUEST	8		request_3	1592924204338	1592924204343	OK	 
REQUEST	16		request_3	1592924204338	1592924204344	OK	 
REQUEST	3		request_3	1592924204339	1592924204344	OK	 
REQUEST	14		request_3	1592924204354	1592924204357	OK	 
REQUEST	17		request_3	1592924204394	1592924204397	OK	 
REQUEST	68		request_2	1592924204404	1592924204409	OK	 
REQUEST	18		request_3	1592924204414	1592924204442	OK	 
REQUEST	15		request_3	1592924204414	1592924204444	OK	 
REQUEST	69		request_2	1592924204465	1592924204477	OK	 
REQUEST	19		request_3	1592924204496	1592924204499	OK	 
REQUEST	70		request_2	1592924204568	1592924204574	OK	 
REQUEST	20		request_3	1592924204578	1592924204593	OK	 
REQUEST	71		request_2	1592924204665	1592924204668	OK	 
REQUEST	21		request_3	1592924204675	1592924204686	OK	 
REQUEST	72		request_2	1592924204767	1592924204772	OK	 
REQUEST	22		request_3	1592924204777	1592924204789	OK	 
REQUEST	73		request_2	1592924204864	1592924204871	OK	 
REQUEST	23		request_3	1592924204874	1592924204884	OK	 
REQUEST	74		request_2	1592924204966	1592924204975	OK	 
REQUEST	24		request_3	1592924204997	1592924205010	OK	 
REQUEST	75		request_2	1592924205068	1592924205071	OK	 
REQUEST	25		request_3	1592924205078	1592924205089	OK	 
REQUEST	76		request_2	1592924205164	1592924205169	OK	 
REQUEST	26		request_3	1592924205174	1592924205184	OK	 
REQUEST	77		request_2	1592924205266	1592924205276	OK	 
REQUEST	27		request_3	1592924205276	1592924205287	OK	 
REQUEST	78		request_2	1592924205364	1592924205371	OK	 
REQUEST	28		request_3	1592924205374	1592924205386	OK	 
REQUEST	79		request_2	1592924205467	1592924205477	OK	 
REQUEST	29		request_3	1592924205477	1592924205480	OK	 
REQUEST	80		request_2	1592924205564	1592924205568	OK	 
REQUEST	30		request_3	1592924205584	1592924205596	OK	 
REQUEST	31		request_3	1592924205666	1592924205671	OK	 
REQUEST	81		request_2	1592924205666	1592924205671	OK	 
REQUEST	82		request_2	1592924205764	1592924205767	OK	 
REQUEST	32		request_3	1592924205774	1592924205784	OK	 
REQUEST	83		request_2	1592924205866	1592924205875	OK	 
REQUEST	33		request_3	1592924205876	1592924205889	OK	 
REQUEST	84		request_2	1592924205968	1592924205975	OK	 
REQUEST	34		request_3	1592924205978	1592924205989	OK	 
REQUEST	85		request_2	1592924206065	1592924206070	OK	 
REQUEST	35		request_3	1592924206075	1592924206087	OK	 
REQUEST	86		request_2	1592924206168	1592924206171	OK	 
REQUEST	36		request_3	1592924206178	1592924206188	OK	 
REQUEST	87		request_2	1592924206265	1592924206272	OK	 
REQUEST	37		request_3	1592924206275	1592924206286	OK	 
REQUEST	88		request_2	1592924206366	1592924206373	OK	 
REQUEST	38		request_3	1592924206386	1592924206397	OK	 
REQUEST	89		request_2	1592924206468	1592924206473	OK	 
REQUEST	39		request_3	1592924206468	1592924206479	OK	 
REQUEST	90		request_2	1592924206565	1592924206567	OK	 
REQUEST	40		request_3	1592924206575	1592924206583	OK	 
REQUEST	91		request_2	1592924206668	1592924206674	OK	 
REQUEST	41		request_3	1592924206678	1592924206687	OK	 
REQUEST	42		request_3	1592924206764	1592924206768	OK	 
REQUEST	92		request_2	1592924206775	1592924206780	OK	 
REQUEST	43		request_3	1592924206878	1592924206887	OK	 
REQUEST	93		request_2	1592924206888	1592924206894	OK	 
REQUEST	13		request_4	1592924206898	1592924206900	OK	 
REQUEST	11		request_4	1592924206898	1592924206900	OK	 
USER	RecordedSimulation	11	END	1592924188637	1592924206903
USER	RecordedSimulation	13	END	1592924188835	1592924206903
REQUEST	12		request_4	1592924206908	1592924206915	OK	 
USER	RecordedSimulation	12	END	1592924188734	1592924206915
REQUEST	44		request_3	1592924206974	1592924206984	OK	 
REQUEST	94		request_2	1592924206984	1592924206991	OK	 
REQUEST	95		request_2	1592924207087	1592924207090	OK	 
REQUEST	45		request_3	1592924207087	1592924207098	OK	 
REQUEST	96		request_2	1592924207179	1592924207185	OK	 
REQUEST	46		request_3	1592924207194	1592924207203	OK	 
REQUEST	4		request_4	1592924207214	1592924207221	OK	 
USER	RecordedSimulation	4	END	1592924187937	1592924207221
REQUEST	7		request_4	1592924207224	1592924207226	OK	 
USER	RecordedSimulation	7	END	1592924188233	1592924207227
REQUEST	6		request_4	1592924207234	1592924207237	OK	 
USER	RecordedSimulation	6	END	1592924188136	1592924207237
REQUEST	2		request_4	1592924207265	1592924207267	OK	 
USER	RecordedSimulation	2	END	1592924187737	1592924207268
REQUEST	97		request_2	1592924207285	1592924207288	OK	 
REQUEST	47		request_3	1592924207285	1592924207295	OK	 
REQUEST	1		request_4	1592924207295	1592924207301	OK	 
USER	RecordedSimulation	1	END	1592924187631	1592924207301
REQUEST	9		request_4	1592924207306	1592924207308	OK	 
USER	RecordedSimulation	9	END	1592924188438	1592924207308
REQUEST	10		request_4	1592924207316	1592924207319	OK	 
USER	RecordedSimulation	10	END	1592924188535	1592924207319
REQUEST	16		request_4	1592924207336	1592924207339	OK	 
REQUEST	5		request_4	1592924207336	1592924207339	OK	 
USER	RecordedSimulation	16	END	1592924189135	1592924207339
USER	RecordedSimulation	5	END	1592924188034	1592924207339
REQUEST	8		request_4	1592924207347	1592924207350	OK	 
USER	RecordedSimulation	8	END	1592924188335	1592924207350
REQUEST	3		request_4	1592924207347	1592924207352	OK	 
USER	RecordedSimulation	3	END	1592924187834	1592924207352
REQUEST	14		request_4	1592924207357	1592924207359	OK	 
USER	RecordedSimulation	14	END	1592924188937	1592924207359
REQUEST	98		request_2	1592924207387	1592924207390	OK	 
REQUEST	48		request_3	1592924207387	1592924207399	OK	 
REQUEST	17		request_4	1592924207407	1592924207414	OK	 
USER	RecordedSimulation	17	END	1592924189237	1592924207415
REQUEST	18		request_4	1592924207438	1592924207441	OK	 
USER	RecordedSimulation	18	END	1592924189333	1592924207441
REQUEST	15		request_4	1592924207448	1592924207454	OK	 
USER	RecordedSimulation	15	END	1592924189033	1592924207454
REQUEST	49		request_3	1592924207474	1592924207482	OK	 
REQUEST	99		request_2	1592924207484	1592924207488	OK	 
REQUEST	19		request_4	1592924207494	1592924207496	OK	 
USER	RecordedSimulation	19	END	1592924189435	1592924207497
REQUEST	50		request_3	1592924207576	1592924207585	OK	 
REQUEST	100		request_2	1592924207587	1592924207591	OK	 
REQUEST	20		request_4	1592924207597	1592924207600	OK	 
USER	RecordedSimulation	20	END	1592924189538	1592924207600
REQUEST	51		request_3	1592924207675	1592924207685	OK	 
REQUEST	21		request_4	1592924207695	1592924207700	OK	 
USER	RecordedSimulation	21	END	1592924189635	1592924207700
REQUEST	52		request_3	1592924207788	1592924207798	OK	 
REQUEST	22		request_4	1592924207798	1592924207804	OK	 
USER	RecordedSimulation	22	END	1592924189737	1592924207804
REQUEST	23		request_4	1592924207885	1592924207888	OK	 
USER	RecordedSimulation	23	END	1592924189834	1592924207888
REQUEST	53		request_3	1592924207885	1592924207895	OK	 
REQUEST	54		request_3	1592924207998	1592924208001	OK	 
REQUEST	24		request_4	1592924208008	1592924208014	OK	 
USER	RecordedSimulation	24	END	1592924189936	1592924208014
REQUEST	25		request_4	1592924208084	1592924208087	OK	 
USER	RecordedSimulation	25	END	1592924190034	1592924208087
REQUEST	55		request_3	1592924208084	1592924208099	OK	 
REQUEST	56		request_3	1592924208176	1592924208179	OK	 
REQUEST	26		request_4	1592924208187	1592924208194	OK	 
USER	RecordedSimulation	26	END	1592924190137	1592924208194
REQUEST	57		request_3	1592924208288	1592924208291	OK	 
REQUEST	27		request_4	1592924208298	1592924208311	OK	 
USER	RecordedSimulation	27	END	1592924190234	1592924208312
REQUEST	58		request_3	1592924208374	1592924208385	OK	 
REQUEST	28		request_4	1592924208384	1592924208395	OK	 
USER	RecordedSimulation	28	END	1592924190336	1592924208396
REQUEST	29		request_4	1592924208476	1592924208479	OK	 
USER	RecordedSimulation	29	END	1592924190434	1592924208479
REQUEST	59		request_3	1592924208486	1592924208495	OK	 
REQUEST	60		request_3	1592924208578	1592924208581	OK	 
REQUEST	30		request_4	1592924208598	1592924208605	OK	 
USER	RecordedSimulation	30	END	1592924190535	1592924208606
REQUEST	31		request_4	1592924208675	1592924208678	OK	 
USER	RecordedSimulation	31	END	1592924190638	1592924208678
REQUEST	61		request_3	1592924208675	1592924208684	OK	 
REQUEST	62		request_3	1592924208777	1592924208781	OK	 
REQUEST	32		request_4	1592924208797	1592924208802	OK	 
USER	RecordedSimulation	32	END	1592924190736	1592924208802
REQUEST	63		request_3	1592924208868	1592924208875	OK	 
REQUEST	33		request_4	1592924208898	1592924208903	OK	 
USER	RecordedSimulation	33	END	1592924190838	1592924208903
REQUEST	64		request_3	1592924208974	1592924208983	OK	 
REQUEST	34		request_4	1592924208984	1592924208990	OK	 
USER	RecordedSimulation	34	END	1592924190935	1592924208990
REQUEST	65		request_3	1592924209076	1592924209088	OK	 
REQUEST	35		request_4	1592924209087	1592924209097	OK	 
USER	RecordedSimulation	35	END	1592924191037	1592924209097
REQUEST	36		request_4	1592924209174	1592924209176	OK	 
USER	RecordedSimulation	36	END	1592924191133	1592924209177
REQUEST	66		request_3	1592924209174	1592924209187	OK	 
REQUEST	67		request_3	1592924209266	1592924209269	OK	 
REQUEST	37		request_4	1592924209286	1592924209293	OK	 
USER	RecordedSimulation	37	END	1592924191237	1592924209293
REQUEST	38		request_4	1592924209394	1592924209396	OK	 
USER	RecordedSimulation	38	END	1592924191339	1592924209397
REQUEST	68		request_3	1592924209404	1592924209413	OK	 
REQUEST	39		request_4	1592924209486	1592924209491	OK	 
USER	RecordedSimulation	39	END	1592924191435	1592924209491
REQUEST	69		request_3	1592924209486	1592924209495	OK	 
REQUEST	70		request_3	1592924209567	1592924209587	OK	 
REQUEST	40		request_4	1592924209577	1592924209588	OK	 
USER	RecordedSimulation	40	END	1592924191538	1592924209588
REQUEST	41		request_4	1592924209674	1592924209678	OK	 
USER	RecordedSimulation	41	END	1592924191634	1592924209678
REQUEST	71		request_3	1592924209674	1592924209684	OK	 
REQUEST	72		request_3	1592924209766	1592924209770	OK	 
REQUEST	42		request_4	1592924209777	1592924209782	OK	 
USER	RecordedSimulation	42	END	1592924191737	1592924209782
REQUEST	73		request_3	1592924209864	1592924209874	OK	 
REQUEST	43		request_4	1592924209874	1592924209878	OK	 
USER	RecordedSimulation	43	END	1592924191833	1592924209878
REQUEST	44		request_4	1592924209977	1592924209982	OK	 
USER	RecordedSimulation	44	END	1592924191936	1592924209982
REQUEST	74		request_3	1592924209967	1592924209991	OK	 
REQUEST	75		request_3	1592924210075	1592924210085	OK	 
REQUEST	45		request_4	1592924210095	1592924210102	OK	 
USER	RecordedSimulation	45	END	1592924192038	1592924210102
REQUEST	76		request_3	1592924210175	1592924210185	OK	 
REQUEST	46		request_4	1592924210185	1592924210195	OK	 
USER	RecordedSimulation	46	END	1592924192135	1592924210196
REQUEST	77		request_3	1592924210287	1592924210290	OK	 
REQUEST	47		request_4	1592924210307	1592924210318	OK	 
USER	RecordedSimulation	47	END	1592924192238	1592924210318
REQUEST	78		request_3	1592924210374	1592924210377	OK	 
REQUEST	48		request_4	1592924210384	1592924210389	OK	 
USER	RecordedSimulation	48	END	1592924192336	1592924210389
REQUEST	49		request_4	1592924210465	1592924210467	OK	 
USER	RecordedSimulation	49	END	1592924192435	1592924210468
REQUEST	79		request_3	1592924210485	1592924210501	OK	 
REQUEST	80		request_3	1592924210567	1592924210570	OK	 
REQUEST	50		request_4	1592924210577	1592924210582	OK	 
USER	RecordedSimulation	50	END	1592924192537	1592924210582
REQUEST	81		request_3	1592924210674	1592924210683	OK	 
REQUEST	51		request_4	1592924210684	1592924210689	OK	 
USER	RecordedSimulation	51	END	1592924192634	1592924210690
REQUEST	82		request_3	1592924210776	1592924210788	OK	 
REQUEST	52		request_4	1592924210796	1592924210805	OK	 
USER	RecordedSimulation	52	END	1592924192746	1592924210805
REQUEST	83		request_3	1592924210874	1592924210882	OK	 
REQUEST	53		request_4	1592924210883	1592924210889	OK	 
USER	RecordedSimulation	53	END	1592924192844	1592924210890
REQUEST	84		request_3	1592924210974	1592924210983	OK	 
REQUEST	54		request_4	1592924210995	1592924211000	OK	 
USER	RecordedSimulation	54	END	1592924192946	1592924211001
REQUEST	85		request_3	1592924211077	1592924211086	OK	 
REQUEST	55		request_4	1592924211108	1592924211111	OK	 
USER	RecordedSimulation	55	END	1592924193048	1592924211112
REQUEST	86		request_3	1592924211174	1592924211182	OK	 
REQUEST	56		request_4	1592924211184	1592924211193	OK	 
USER	RecordedSimulation	56	END	1592924193146	1592924211193
REQUEST	87		request_3	1592924211276	1592924211279	OK	 
REQUEST	57		request_4	1592924211286	1592924211292	OK	 
USER	RecordedSimulation	57	END	1592924193248	1592924211293
REQUEST	88		request_3	1592924211374	1592924211381	OK	 
REQUEST	58		request_4	1592924211394	1592924211400	OK	 
USER	RecordedSimulation	58	END	1592924193345	1592924211400
REQUEST	89		request_3	1592924211466	1592924211474	OK	 
REQUEST	59		request_4	1592924211486	1592924211493	OK	 
USER	RecordedSimulation	59	END	1592924193446	1592924211493
REQUEST	60		request_4	1592924211584	1592924211589	OK	 
USER	RecordedSimulation	60	END	1592924193544	1592924211589
REQUEST	90		request_3	1592924211579	1592924211598	OK	 
REQUEST	61		request_4	1592924211687	1592924211703	OK	 
USER	RecordedSimulation	61	END	1592924193647	1592924211703
REQUEST	91		request_3	1592924211666	1592924211713	OK	 
REQUEST	62		request_4	1592924211774	1592924211781	OK	 
USER	RecordedSimulation	62	END	1592924193733	1592924211781
REQUEST	92		request_3	1592924211784	1592924211792	OK	 
REQUEST	63		request_4	1592924211876	1592924211881	OK	 
USER	RecordedSimulation	63	END	1592924193835	1592924211881
REQUEST	93		request_3	1592924211887	1592924211894	OK	 
REQUEST	64		request_4	1592924211974	1592924211980	OK	 
USER	RecordedSimulation	64	END	1592924193938	1592924211980
REQUEST	94		request_3	1592924211985	1592924211992	OK	 
REQUEST	65		request_4	1592924212087	1592924212091	OK	 
USER	RecordedSimulation	65	END	1592924194035	1592924212091
REQUEST	95		request_3	1592924212097	1592924212100	OK	 
REQUEST	96		request_3	1592924212174	1592924212193	OK	 
REQUEST	66		request_4	1592924212192	1592924212196	OK	 
USER	RecordedSimulation	66	END	1592924194137	1592924212197
REQUEST	67		request_4	1592924212276	1592924212279	OK	 
USER	RecordedSimulation	67	END	1592924194234	1592924212279
REQUEST	97		request_3	1592924212286	1592924212294	OK	 
REQUEST	98		request_3	1592924212388	1592924212391	OK	 
REQUEST	68		request_4	1592924212414	1592924212425	OK	 
USER	RecordedSimulation	68	END	1592924194336	1592924212426
REQUEST	99		request_3	1592924212475	1592924212489	OK	 
REQUEST	69		request_4	1592924212485	1592924212490	OK	 
USER	RecordedSimulation	69	END	1592924194434	1592924212490
REQUEST	100		request_3	1592924212587	1592924212595	OK	 
REQUEST	70		request_4	1592924212597	1592924212601	OK	 
USER	RecordedSimulation	70	END	1592924194536	1592924212602
REQUEST	71		request_4	1592924212689	1592924212691	OK	 
USER	RecordedSimulation	71	END	1592924194638	1592924212692
REQUEST	72		request_4	1592924212776	1592924212779	OK	 
USER	RecordedSimulation	72	END	1592924194734	1592924212779
REQUEST	73		request_4	1592924212894	1592924212897	OK	 
USER	RecordedSimulation	73	END	1592924194837	1592924212897
REQUEST	74		request_4	1592924212997	1592924213000	OK	 
USER	RecordedSimulation	74	END	1592924194934	1592924213000
REQUEST	75		request_4	1592924213084	1592924213087	OK	 
USER	RecordedSimulation	75	END	1592924195037	1592924213087
REQUEST	76		request_4	1592924213186	1592924213189	OK	 
USER	RecordedSimulation	76	END	1592924195135	1592924213189
REQUEST	77		request_4	1592924213288	1592924213290	OK	 
USER	RecordedSimulation	77	END	1592924195237	1592924213291
REQUEST	78		request_4	1592924213384	1592924213387	OK	 
USER	RecordedSimulation	78	END	1592924195334	1592924213387
REQUEST	79		request_4	1592924213498	1592924213500	OK	 
USER	RecordedSimulation	79	END	1592924195436	1592924213500
REQUEST	80		request_4	1592924213579	1592924213581	OK	 
USER	RecordedSimulation	80	END	1592924195534	1592924213582
REQUEST	81		request_4	1592924213686	1592924213688	OK	 
USER	RecordedSimulation	81	END	1592924195637	1592924213689
REQUEST	82		request_4	1592924213788	1592924213790	OK	 
USER	RecordedSimulation	82	END	1592924195734	1592924213790
REQUEST	83		request_4	1592924213874	1592924213876	OK	 
USER	RecordedSimulation	83	END	1592924195837	1592924213876
REQUEST	84		request_4	1592924213985	1592924213989	OK	 
USER	RecordedSimulation	84	END	1592924195939	1592924213989
REQUEST	85		request_4	1592924214078	1592924214080	OK	 
USER	RecordedSimulation	85	END	1592924196036	1592924214081
REQUEST	86		request_4	1592924214174	1592924214177	OK	 
USER	RecordedSimulation	86	END	1592924196138	1592924214177
REQUEST	87		request_4	1592924214278	1592924214281	OK	 
USER	RecordedSimulation	87	END	1592924196234	1592924214281
REQUEST	88		request_4	1592924214384	1592924214387	OK	 
USER	RecordedSimulation	88	END	1592924196337	1592924214387
REQUEST	89		request_4	1592924214477	1592924214480	OK	 
USER	RecordedSimulation	89	END	1592924196434	1592924214480
REQUEST	90		request_4	1592924214595	1592924214598	OK	 
USER	RecordedSimulation	90	END	1592924196537	1592924214598
REQUEST	91		request_4	1592924214717	1592924214720	OK	 
USER	RecordedSimulation	91	END	1592924196634	1592924214720
REQUEST	92		request_4	1592924214784	1592924214786	OK	 
USER	RecordedSimulation	92	END	1592924196747	1592924214787
REQUEST	93		request_4	1592924214896	1592924214899	OK	 
USER	RecordedSimulation	93	END	1592924196843	1592924214899
REQUEST	94		request_4	1592924214984	1592924214986	OK	 
USER	RecordedSimulation	94	END	1592924196946	1592924214986
REQUEST	95		request_4	1592924215095	1592924215098	OK	 
USER	RecordedSimulation	95	END	1592924197048	1592924215098
REQUEST	96		request_4	1592924215187	1592924215189	OK	 
USER	RecordedSimulation	96	END	1592924197146	1592924215190
REQUEST	97		request_4	1592924215284	1592924215286	OK	 
USER	RecordedSimulation	97	END	1592924197243	1592924215287
REQUEST	98		request_4	1592924215385	1592924215388	OK	 
USER	RecordedSimulation	98	END	1592924197345	1592924215388
REQUEST	99		request_4	1592924215494	1592924215496	OK	 
USER	RecordedSimulation	99	END	1592924197446	1592924215497
REQUEST	100		request_4	1592924215586	1592924215588	OK	 
USER	RecordedSimulation	100	END	1592924197544	1592924215588
